#! /c/Source/iverilog-install/bin/vvp
:ivl_version "12.0 (devel)" "(s20150603-1539-g2693dd32b)";
:ivl_delay_selection "TYPICAL";
:vpi_time_precision - 12;
:vpi_module "C:\work\iverilog\lib\ivl\system.vpi";
:vpi_module "C:\work\iverilog\lib\ivl\vhdl_sys.vpi";
:vpi_module "C:\work\iverilog\lib\ivl\vhdl_textio.vpi";
:vpi_module "C:\work\iverilog\lib\ivl\v2005_math.vpi";
:vpi_module "C:\work\iverilog\lib\ivl\va_math.vpi";
S_0000027679eb6dd0 .scope module, "tb_matCtrl" "tb_matCtrl" 2 14;
 .timescale -12 -12;
P_000002767a23d1d0 .param/l "PERIOD" 0 2 151, +C4<00000000000000000000000000001010>;
L_0000027679ea0f70 .functor NOT 1, v000002767a29db00_0, C4<0>, C4<0>, C4<0>;
L_0000027679ea0c60 .functor NOT 1, v000002767a29e780_0, C4<0>, C4<0>, C4<0>;
L_0000027679ea11a0 .functor NOT 1, v000002767a2a1730_0, C4<0>, C4<0>, C4<0>;
v000002767a2a05b0_0 .net "A_data", 15 0, v000002767a29ad30_0;  1 drivers
v000002767a2a15f0_0 .net "B_data_0", 15 0, v000002767a20a650_0;  1 drivers
v000002767a29fbb0_0 .net "B_data_1", 15 0, v000002767a29e1e0_0;  1 drivers
v000002767a2a0010_0 .net "B_data_2", 15 0, v000002767a29cf20_0;  1 drivers
v000002767a2a1230_0 .net "B_data_3", 15 0, v000002767a29d7e0_0;  1 drivers
v000002767a2a0150_0 .net "C_data_0", 15 0, v000002767a29d880_0;  1 drivers
v000002767a2a0b50_0 .net "C_data_1", 15 0, v000002767a29dd80_0;  1 drivers
v000002767a2a0c90_0 .net "C_data_2", 15 0, v000002767a29cfc0_0;  1 drivers
v000002767a2a0330_0 .net "C_data_3", 15 0, v000002767a29e640_0;  1 drivers
v000002767a2a0d30_0 .net "D_data_0", 15 0, v000002767a209a70_0;  1 drivers
v000002767a2a03d0_0 .net "D_data_1", 15 0, v0000027679ebbb10_0;  1 drivers
v000002767a2a1410_0 .net "D_data_2", 15 0, v000002767a29bc30_0;  1 drivers
v000002767a2a17d0_0 .net "D_data_3", 15 0, v000002767a29ba50_0;  1 drivers
v000002767a2a0ab0_0 .var "clk", 0 0;
v000002767a2a06f0_0 .var "inst", 26 0;
v000002767a2a1550_0 .var "inst_valid", 0 0;
v000002767a2a00b0_0 .net "macs_en", 0 0, v000002767a29dc40_0;  1 drivers
v000002767a29fc50_0 .net "macs_mode", 0 0, L_000002767a2a0a10;  1 drivers
v000002767a2a1370_0 .net "macs_signal", 0 0, L_000002767a2a12d0;  1 drivers
v000002767a2a0dd0_0 .net "macs_valid", 0 0, v000002767a209cf0_0;  1 drivers
v000002767a29ff70_0 .net "mem0_addr_0", 11 0, v000002767a29e5a0_0;  1 drivers
v000002767a2a0f10_0 .net "mem0_addr_1", 11 0, v000002767a29e280_0;  1 drivers
v000002767a2a1190_0 .net "mem0_rd_data_0", 63 0, v000002767a20ad30_0;  1 drivers
v000002767a2a0470_0 .net "mem0_rd_data_1", 63 0, v000002767a209890_0;  1 drivers
v000002767a2a01f0_0 .net "mem0_wr_en_0", 0 0, v000002767a29db00_0;  1 drivers
v000002767a2a0830_0 .net "mem0_wr_en_1", 0 0, v000002767a29e780_0;  1 drivers
v000002767a2a1690_0 .net "mem1_addr_0", 11 0, v000002767a29ca20_0;  1 drivers
v000002767a2a1870_0 .net "mem1_addr_1", 11 0, v000002767a29dce0_0;  1 drivers
v000002767a2a0e70_0 .net "mem1_rd_data_0", 63 0, v000002767a2099d0_0;  1 drivers
o000002767a24c558 .functor BUFZ 64, C4<zzzzzzzzzzzzzzzzzzzzzzzzzzzzzzzzzzzzzzzzzzzzzzzzzzzzzzzzzzzzzzzz>; HiZ drive
v000002767a2a0fb0_0 .net "mem1_rd_data_1", 63 0, o000002767a24c558;  0 drivers
v000002767a2a1050_0 .net "mem1_wr_en_0", 0 0, v000002767a2a1730_0;  1 drivers
v000002767a2a10f0_0 .net "mem1_wr_en_1", 0 0, v000002767a29fe30_0;  1 drivers
v000002767a2a1910_0 .var "rstn", 0 0;
S_0000027679eb0600 .scope module, "ram_A" "sync_ram" 2 29, 3 1 0, S_0000027679eb6dd0;
 .timescale -12 -12;
    .port_info 0 /INPUT 1 "clk";
    .port_info 1 /INPUT 1 "rstn";
    .port_info 2 /INPUT 1 "wr_en";
    .port_info 3 /INPUT 1 "rd_en";
    .port_info 4 /INPUT 12 "addr";
    .port_info 5 /INPUT 64 "din";
    .port_info 6 /OUTPUT 64 "dout";
P_000002767a24a3f0 .param/l "ADDR_WIDTH" 0 3 2, +C4<00000000000000000000000000001100>;
P_000002767a24a428 .param/l "DATA_WIDTH" 0 3 3, +C4<00000000000000000000000001000000>;
P_000002767a24a460 .param/l "DEPTH" 0 3 4, +C4<00000000000000000000010000000000>;
P_000002767a24a498 .param/str "LOAD_FILE_PATH" 0 3 5, "F:/project/Frodo/sim/RAM/data/A.hex";
P_000002767a24a4d0 .param/str "STORE_FILE_PATH" 0 3 6, "F:/project/Frodo/sim/ram_data_output/A_output.txt";
P_000002767a24a508 .param/l "TIME" 0 3 7, +C4<00000000000000000010011100010000>;
v000002767a20a3d0_0 .net "addr", 11 0, v000002767a29e5a0_0;  alias, 1 drivers
v000002767a209f70_0 .net "clk", 0 0, v000002767a2a0ab0_0;  1 drivers
L_000002767a2a1ce8 .functor BUFT 1, C4<0000000000000000000000000000000000000000000000000000000000000000>, C4<0>, C4<0>, C4<0>;
v000002767a20a790_0 .net "din", 63 0, L_000002767a2a1ce8;  1 drivers
v000002767a20ad30_0 .var "dout", 63 0;
v000002767a20add0_0 .var/i "i", 31 0;
v000002767a20a970 .array "ram", 1023 0, 63 0;
v000002767a20a010_0 .var/i "ram_file", 31 0;
v000002767a2097f0_0 .net "rd_en", 0 0, L_0000027679ea0f70;  1 drivers
v000002767a20a470_0 .net "rstn", 0 0, v000002767a2a1910_0;  1 drivers
v000002767a20ae70_0 .net "wr_en", 0 0, v000002767a29db00_0;  alias, 1 drivers
E_000002767a23cb10 .event posedge, v000002767a209f70_0;
E_000002767a23cc10/0 .event negedge, v000002767a20a470_0;
E_000002767a23cc10/1 .event posedge, v000002767a209f70_0;
E_000002767a23cc10 .event/or E_000002767a23cc10/0, E_000002767a23cc10/1;
S_0000027679e9d150 .scope module, "ram_B" "sync_ram" 2 46, 3 1 0, S_0000027679eb6dd0;
 .timescale -12 -12;
    .port_info 0 /INPUT 1 "clk";
    .port_info 1 /INPUT 1 "rstn";
    .port_info 2 /INPUT 1 "wr_en";
    .port_info 3 /INPUT 1 "rd_en";
    .port_info 4 /INPUT 12 "addr";
    .port_info 5 /INPUT 64 "din";
    .port_info 6 /OUTPUT 64 "dout";
P_0000027679e9d2e0 .param/l "ADDR_WIDTH" 0 3 2, +C4<00000000000000000000000000001100>;
P_0000027679e9d318 .param/l "DATA_WIDTH" 0 3 3, +C4<00000000000000000000000001000000>;
P_0000027679e9d350 .param/l "DEPTH" 0 3 4, +C4<00000000000000000000010000000000>;
P_0000027679e9d388 .param/str "LOAD_FILE_PATH" 0 3 5, "F:/project/Frodo/sim/RAM/data/B.hex";
P_0000027679e9d3c0 .param/str "STORE_FILE_PATH" 0 3 6, "F:/project/Frodo/sim/ram_data_output/B_output.txt";
P_0000027679e9d3f8 .param/l "TIME" 0 3 7, +C4<00000000000000000010011100010000>;
v000002767a20ab50_0 .net "addr", 11 0, v000002767a29e280_0;  alias, 1 drivers
v000002767a20a0b0_0 .net "clk", 0 0, v000002767a2a0ab0_0;  alias, 1 drivers
L_000002767a2a1d30 .functor BUFT 1, C4<0000000000000000000000000000000000000000000000000000000000000000>, C4<0>, C4<0>, C4<0>;
v000002767a20a290_0 .net "din", 63 0, L_000002767a2a1d30;  1 drivers
v000002767a209890_0 .var "dout", 63 0;
v000002767a20a6f0_0 .var/i "i", 31 0;
v000002767a209430 .array "ram", 1023 0, 63 0;
v000002767a209250_0 .var/i "ram_file", 31 0;
v000002767a2094d0_0 .net "rd_en", 0 0, L_0000027679ea0c60;  1 drivers
v000002767a20a150_0 .net "rstn", 0 0, v000002767a2a1910_0;  alias, 1 drivers
v000002767a20a5b0_0 .net "wr_en", 0 0, v000002767a29e780_0;  alias, 1 drivers
S_0000027679e9d440 .scope module, "ram_C" "sync_ram" 2 63, 3 1 0, S_0000027679eb6dd0;
 .timescale -12 -12;
    .port_info 0 /INPUT 1 "clk";
    .port_info 1 /INPUT 1 "rstn";
    .port_info 2 /INPUT 1 "wr_en";
    .port_info 3 /INPUT 1 "rd_en";
    .port_info 4 /INPUT 12 "addr";
    .port_info 5 /INPUT 64 "din";
    .port_info 6 /OUTPUT 64 "dout";
P_0000027679e9a4b0 .param/l "ADDR_WIDTH" 0 3 2, +C4<00000000000000000000000000001100>;
P_0000027679e9a4e8 .param/l "DATA_WIDTH" 0 3 3, +C4<00000000000000000000000001000000>;
P_0000027679e9a520 .param/l "DEPTH" 0 3 4, +C4<00000000000000000000010000000000>;
P_0000027679e9a558 .param/str "LOAD_FILE_PATH" 0 3 5, "F:/project/Frodo/sim/RAM/data/C.hex";
P_0000027679e9a590 .param/str "STORE_FILE_PATH" 0 3 6, "F:/project/Frodo/sim/ram_data_output/C_output.txt";
P_0000027679e9a5c8 .param/l "TIME" 0 3 7, +C4<00000000000000000010011100010000>;
v000002767a20a1f0_0 .net "addr", 11 0, v000002767a29ca20_0;  alias, 1 drivers
v000002767a20a8d0_0 .net "clk", 0 0, v000002767a2a0ab0_0;  alias, 1 drivers
L_000002767a2a1d78 .functor BUFT 1, C4<0000000000000000000000000000000000000000000000000000000000000000>, C4<0>, C4<0>, C4<0>;
v000002767a20a330_0 .net "din", 63 0, L_000002767a2a1d78;  1 drivers
v000002767a2099d0_0 .var "dout", 63 0;
v000002767a20af10_0 .var/i "i", 31 0;
v000002767a209930 .array "ram", 1023 0, 63 0;
v000002767a2096b0_0 .var/i "ram_file", 31 0;
v000002767a209110_0 .net "rd_en", 0 0, L_0000027679ea11a0;  1 drivers
v000002767a2091b0_0 .net "rstn", 0 0, v000002767a2a1910_0;  alias, 1 drivers
v000002767a2092f0_0 .net "wr_en", 0 0, v000002767a2a1730_0;  alias, 1 drivers
S_0000027679e9a610 .scope module, "u_Macs" "Macs" 2 81, 4 1 0, S_0000027679eb6dd0;
 .timescale -12 -12;
    .port_info 0 /INPUT 1 "clk";
    .port_info 1 /INPUT 1 "rstn";
    .port_info 2 /INPUT 16 "A";
    .port_info 3 /INPUT 16 "B_0";
    .port_info 4 /INPUT 16 "B_1";
    .port_info 5 /INPUT 16 "B_2";
    .port_info 6 /INPUT 16 "B_3";
    .port_info 7 /INPUT 16 "C_0";
    .port_info 8 /INPUT 16 "C_1";
    .port_info 9 /INPUT 16 "C_2";
    .port_info 10 /INPUT 16 "C_3";
    .port_info 11 /INPUT 1 "en";
    .port_info 12 /INPUT 1 "mode";
    .port_info 13 /INPUT 1 "signal";
    .port_info 14 /OUTPUT 1 "valid";
    .port_info 15 /OUTPUT 16 "result_0";
    .port_info 16 /OUTPUT 16 "result_1";
    .port_info 17 /OUTPUT 16 "result_2";
    .port_info 18 /OUTPUT 16 "result_3";
P_0000027679db9380 .param/l "matadd" 1 4 24, C4<1>;
P_0000027679db93b8 .param/l "matmul" 1 4 23, C4<0>;
L_000002767a2a1dc0 .functor BUFT 1, C4<1>, C4<0>, C4<0>, C4<0>;
L_0000027679ea0870 .functor XNOR 1, L_000002767a2a0a10, L_000002767a2a1dc0, C4<0>, C4<0>;
L_0000027679ea0a30 .functor NOT 16, v000002767a29ad30_0, C4<0000000000000000>, C4<0000000000000000>, C4<0000000000000000>;
v000002767a29b410_0 .net "A", 15 0, v000002767a29ad30_0;  alias, 1 drivers
v000002767a29bd70_0 .net "A_temp", 15 0, L_000002767a2a0970;  1 drivers
v000002767a29be10_0 .net "B_0", 15 0, v000002767a20a650_0;  alias, 1 drivers
v000002767a29abf0_0 .net "B_1", 15 0, v000002767a29e1e0_0;  alias, 1 drivers
v000002767a29c090_0 .net "B_2", 15 0, v000002767a29cf20_0;  alias, 1 drivers
v000002767a29b7d0_0 .net "B_3", 15 0, v000002767a29d7e0_0;  alias, 1 drivers
v000002767a29c450_0 .net "C_0", 15 0, v000002767a29d880_0;  alias, 1 drivers
v000002767a29b9b0_0 .net "C_1", 15 0, v000002767a29dd80_0;  alias, 1 drivers
v000002767a29a8d0_0 .net "C_2", 15 0, v000002767a29cfc0_0;  alias, 1 drivers
v000002767a29b190_0 .net "C_3", 15 0, v000002767a29e640_0;  alias, 1 drivers
v000002767a29afb0_0 .net/2u *"_ivl_0", 0 0, L_000002767a2a1dc0;  1 drivers
v000002767a29c4f0_0 .net *"_ivl_10", 15 0, L_000002767a2a0290;  1 drivers
v000002767a29aab0_0 .net *"_ivl_12", 15 0, L_000002767a2a08d0;  1 drivers
v000002767a29b050_0 .net *"_ivl_2", 0 0, L_0000027679ea0870;  1 drivers
L_000002767a2a1e08 .functor BUFT 1, C4<0000000000000001>, C4<0>, C4<0>, C4<0>;
v000002767a29c130_0 .net/2u *"_ivl_4", 15 0, L_000002767a2a1e08;  1 drivers
v000002767a29b0f0_0 .net *"_ivl_6", 15 0, L_0000027679ea0a30;  1 drivers
L_000002767a2a1e50 .functor BUFT 1, C4<0000000000000001>, C4<0>, C4<0>, C4<0>;
v000002767a29baf0_0 .net/2u *"_ivl_8", 15 0, L_000002767a2a1e50;  1 drivers
v000002767a29bb90_0 .net "clk", 0 0, v000002767a2a0ab0_0;  alias, 1 drivers
v000002767a29c270_0 .net "en", 0 0, v000002767a29dc40_0;  alias, 1 drivers
v000002767a29b230_0 .net "mode", 0 0, L_000002767a2a0a10;  alias, 1 drivers
v000002767a29bcd0_0 .net "result_0", 15 0, v000002767a209a70_0;  alias, 1 drivers
v000002767a29c770_0 .net "result_1", 15 0, v0000027679ebbb10_0;  alias, 1 drivers
v000002767a29b4b0_0 .net "result_2", 15 0, v000002767a29bc30_0;  alias, 1 drivers
v000002767a29c590_0 .net "result_3", 15 0, v000002767a29ba50_0;  alias, 1 drivers
v000002767a29beb0_0 .net "rstn", 0 0, v000002767a2a1910_0;  alias, 1 drivers
v000002767a29ab50_0 .net "signal", 0 0, L_000002767a2a12d0;  alias, 1 drivers
v000002767a29c310_0 .net "valid", 0 0, v000002767a209cf0_0;  alias, 1 drivers
L_000002767a2a0290 .arith/sum 16, L_0000027679ea0a30, L_000002767a2a1e50;
L_000002767a2a08d0 .functor MUXZ 16, v000002767a29ad30_0, L_000002767a2a0290, L_000002767a2a12d0, C4<>;
L_000002767a2a0970 .functor MUXZ 16, L_000002767a2a08d0, L_000002767a2a1e08, L_0000027679ea0870, C4<>;
S_0000027679e92020 .scope module, "u_PE_0" "PE" 4 30, 5 1 0, S_0000027679e9a610;
 .timescale -12 -12;
    .port_info 0 /INPUT 1 "clk";
    .port_info 1 /INPUT 1 "rstn";
    .port_info 2 /INPUT 16 "A";
    .port_info 3 /INPUT 16 "B";
    .port_info 4 /INPUT 16 "C";
    .port_info 5 /INPUT 1 "en";
    .port_info 6 /OUTPUT 16 "result";
    .port_info 7 /OUTPUT 1 "valid";
v000002767a209570_0 .net "A", 15 0, L_000002767a2a0970;  alias, 1 drivers
v000002767a209e30_0 .net "B", 15 0, v000002767a20a650_0;  alias, 1 drivers
v000002767a209390_0 .net "C", 15 0, v000002767a29d880_0;  alias, 1 drivers
v000002767a209610_0 .net "clk", 0 0, v000002767a2a0ab0_0;  alias, 1 drivers
v000002767a209750_0 .net "en", 0 0, v000002767a29dc40_0;  alias, 1 drivers
v000002767a209bb0_0 .var "mode", 0 0;
v000002767a209a70_0 .var "result", 15 0;
v000002767a209b10_0 .net "rstn", 0 0, v000002767a2a1910_0;  alias, 1 drivers
v000002767a209cf0_0 .var "valid", 0 0;
S_0000027679e921b0 .scope module, "u_PE_1" "PE" 4 41, 5 1 0, S_0000027679e9a610;
 .timescale -12 -12;
    .port_info 0 /INPUT 1 "clk";
    .port_info 1 /INPUT 1 "rstn";
    .port_info 2 /INPUT 16 "A";
    .port_info 3 /INPUT 16 "B";
    .port_info 4 /INPUT 16 "C";
    .port_info 5 /INPUT 1 "en";
    .port_info 6 /OUTPUT 16 "result";
    .port_info 7 /OUTPUT 1 "valid";
v000002767a20a830_0 .net "A", 15 0, L_000002767a2a0970;  alias, 1 drivers
v000002767a209d90_0 .net "B", 15 0, v000002767a29e1e0_0;  alias, 1 drivers
v0000027679ebb9d0_0 .net "C", 15 0, v000002767a29dd80_0;  alias, 1 drivers
v0000027679ebb570_0 .net "clk", 0 0, v000002767a2a0ab0_0;  alias, 1 drivers
v0000027679ebb6b0_0 .net "en", 0 0, v000002767a29dc40_0;  alias, 1 drivers
v0000027679ebba70_0 .var "mode", 0 0;
v0000027679ebbb10_0 .var "result", 15 0;
v0000027679ebbbb0_0 .net "rstn", 0 0, v000002767a2a1910_0;  alias, 1 drivers
v0000027679ebbf70_0 .var "valid", 0 0;
S_0000027679e86560 .scope module, "u_PE_2" "PE" 4 51, 5 1 0, S_0000027679e9a610;
 .timescale -12 -12;
    .port_info 0 /INPUT 1 "clk";
    .port_info 1 /INPUT 1 "rstn";
    .port_info 2 /INPUT 16 "A";
    .port_info 3 /INPUT 16 "B";
    .port_info 4 /INPUT 16 "C";
    .port_info 5 /INPUT 1 "en";
    .port_info 6 /OUTPUT 16 "result";
    .port_info 7 /OUTPUT 1 "valid";
v0000027679ebbc50_0 .net "A", 15 0, L_000002767a2a0970;  alias, 1 drivers
v0000027679ebc150_0 .net "B", 15 0, v000002767a29cf20_0;  alias, 1 drivers
v0000027679ebc0b0_0 .net "C", 15 0, v000002767a29cfc0_0;  alias, 1 drivers
v000002767a29aa10_0 .net "clk", 0 0, v000002767a2a0ab0_0;  alias, 1 drivers
v000002767a29ae70_0 .net "en", 0 0, v000002767a29dc40_0;  alias, 1 drivers
v000002767a29c6d0_0 .var "mode", 0 0;
v000002767a29bc30_0 .var "result", 15 0;
v000002767a29b870_0 .net "rstn", 0 0, v000002767a2a1910_0;  alias, 1 drivers
v000002767a29c3b0_0 .var "valid", 0 0;
S_0000027679e866f0 .scope module, "u_PE_3" "PE" 4 61, 5 1 0, S_0000027679e9a610;
 .timescale -12 -12;
    .port_info 0 /INPUT 1 "clk";
    .port_info 1 /INPUT 1 "rstn";
    .port_info 2 /INPUT 16 "A";
    .port_info 3 /INPUT 16 "B";
    .port_info 4 /INPUT 16 "C";
    .port_info 5 /INPUT 1 "en";
    .port_info 6 /OUTPUT 16 "result";
    .port_info 7 /OUTPUT 1 "valid";
v000002767a29c630_0 .net "A", 15 0, L_000002767a2a0970;  alias, 1 drivers
v000002767a29b690_0 .net "B", 15 0, v000002767a29d7e0_0;  alias, 1 drivers
v000002767a29add0_0 .net "C", 15 0, v000002767a29e640_0;  alias, 1 drivers
v000002767a29c1d0_0 .net "clk", 0 0, v000002767a2a0ab0_0;  alias, 1 drivers
v000002767a29af10_0 .net "en", 0 0, v000002767a29dc40_0;  alias, 1 drivers
v000002767a29b910_0 .var "mode", 0 0;
v000002767a29ba50_0 .var "result", 15 0;
v000002767a29b730_0 .net "rstn", 0 0, v000002767a2a1910_0;  alias, 1 drivers
v000002767a29bff0_0 .var "valid", 0 0;
S_0000027679e820d0 .scope module, "u_matCtrl" "matCtrl" 2 111, 6 1 0, S_0000027679eb6dd0;
 .timescale -12 -12;
    .port_info 0 /INPUT 1 "clk";
    .port_info 1 /INPUT 1 "rstn";
    .port_info 2 /INPUT 27 "inst";
    .port_info 3 /INPUT 1 "inst_valid";
    .port_info 4 /INPUT 64 "mem0_rd_data_0";
    .port_info 5 /INPUT 64 "mem0_rd_data_1";
    .port_info 6 /INPUT 64 "mem1_rd_data_0";
    .port_info 7 /INPUT 64 "mem1_rd_data_1";
    .port_info 8 /OUTPUT 12 "mem0_addr_0";
    .port_info 9 /OUTPUT 12 "mem0_addr_1";
    .port_info 10 /OUTPUT 12 "mem1_addr_0";
    .port_info 11 /OUTPUT 12 "mem1_addr_1";
    .port_info 12 /OUTPUT 1 "mem0_wr_en_0";
    .port_info 13 /OUTPUT 1 "mem0_wr_en_1";
    .port_info 14 /OUTPUT 1 "mem1_wr_en_0";
    .port_info 15 /OUTPUT 1 "mem1_wr_en_1";
    .port_info 16 /OUTPUT 16 "A_data";
    .port_info 17 /OUTPUT 16 "B_data_0";
    .port_info 18 /OUTPUT 16 "B_data_1";
    .port_info 19 /OUTPUT 16 "B_data_2";
    .port_info 20 /OUTPUT 16 "B_data_3";
    .port_info 21 /OUTPUT 16 "C_data_0";
    .port_info 22 /OUTPUT 16 "C_data_1";
    .port_info 23 /OUTPUT 16 "C_data_2";
    .port_info 24 /OUTPUT 16 "C_data_3";
    .port_info 25 /INPUT 16 "D_data_0";
    .port_info 26 /INPUT 16 "D_data_1";
    .port_info 27 /INPUT 16 "D_data_2";
    .port_info 28 /INPUT 16 "D_data_3";
    .port_info 29 /OUTPUT 64 "mem0_wr_data_0";
    .port_info 30 /OUTPUT 64 "mem0_wr_data_1";
    .port_info 31 /OUTPUT 64 "mem1_wr_data_0";
    .port_info 32 /OUTPUT 64 "mem1_wr_data_1";
    .port_info 33 /INPUT 1 "macs_valid";
    .port_info 34 /OUTPUT 1 "macs_mode";
    .port_info 35 /OUTPUT 1 "macs_signal";
    .port_info 36 /OUTPUT 1 "macs_en";
P_0000027679e82260 .param/l "ADDR_WIDTH" 0 6 4, +C4<00000000000000000000000000001100>;
P_0000027679e82298 .param/l "BIA" 0 6 62, C4<101>;
P_0000027679e822d0 .param/l "COL" 0 6 61, C4<100>;
P_0000027679e82308 .param/l "COMP" 0 6 63, C4<110>;
P_0000027679e82340 .param/l "FINISH" 0 6 64, C4<111>;
P_0000027679e82378 .param/l "ID" 0 6 59, C4<010>;
P_0000027679e823b0 .param/l "IDLE" 0 6 57, C4<000>;
P_0000027679e823e8 .param/l "IF" 0 6 58, C4<001>;
P_0000027679e82420 .param/l "INST_WIDTH" 0 6 3, +C4<00000000000000000000000000011011>;
P_0000027679e82458 .param/l "ROW" 0 6 60, C4<011>;
v000002767a29ac90_0 .var "A_addr", 13 0;
v000002767a29ad30_0 .var "A_data", 15 0;
v000002767a29b370_0 .var "A_width_flag", 0 0;
v000002767a29b550_0 .var "B_addr", 13 0;
v000002767a29b5f0_0 .var "B_addr_start", 13 0;
v000002767a20a650_0 .var "B_data_0", 15 0;
v000002767a29e1e0_0 .var "B_data_1", 15 0;
v000002767a29cf20_0 .var "B_data_2", 15 0;
v000002767a29d7e0_0 .var "B_data_3", 15 0;
v000002767a29e3c0_0 .var "B_width_cnt", 0 0;
v000002767a29d920_0 .var "B_width_flag", 0 0;
v000002767a29d4c0_0 .var "C_addr", 13 0;
v000002767a29d060_0 .var "C_addr_temp", 13 0;
v000002767a29d880_0 .var "C_data_0", 15 0;
v000002767a29dd80_0 .var "C_data_1", 15 0;
v000002767a29cfc0_0 .var "C_data_2", 15 0;
v000002767a29e640_0 .var "C_data_3", 15 0;
v000002767a29e0a0_0 .var "D_addr", 13 0;
v000002767a29d740_0 .net "D_data_0", 15 0, v000002767a209a70_0;  alias, 1 drivers
v000002767a29df60_0 .net "D_data_1", 15 0, v0000027679ebbb10_0;  alias, 1 drivers
v000002767a29e000_0 .net "D_data_2", 15 0, v000002767a29bc30_0;  alias, 1 drivers
v000002767a29e320_0 .net "D_data_3", 15 0, v000002767a29ba50_0;  alias, 1 drivers
v000002767a29d560_0 .net *"_ivl_1", 1 0, L_000002767a2a19b0;  1 drivers
L_000002767a2a1e98 .functor BUFT 1, C4<111>, C4<0>, C4<0>, C4<0>;
v000002767a29e140_0 .net/2u *"_ivl_6", 2 0, L_000002767a2a1e98;  1 drivers
L_000002767a2a1ee0 .functor BUFT 1, C4<011>, C4<0>, C4<0>, C4<0>;
v000002767a29c980_0 .net/2u *"_ivl_8", 2 0, L_000002767a2a1ee0;  1 drivers
v000002767a29e460_0 .var "bia", 2 0;
v000002767a29cb60_0 .net "bia_limit", 2 0, L_000002767a29fb10;  1 drivers
v000002767a29dba0_0 .net "clk", 0 0, v000002767a2a0ab0_0;  alias, 1 drivers
v000002767a29cca0_0 .var "col", 8 0;
v000002767a29d1a0_0 .var "col_limit", 8 0;
v000002767a29ce80_0 .var "comp", 8 0;
v000002767a29cc00_0 .var "comp_limit", 8 0;
v000002767a29d2e0_0 .net "inst", 26 0, v000002767a2a06f0_0;  1 drivers
v000002767a29d600_0 .var "inst_reg", 26 0;
v000002767a29cd40_0 .net "inst_valid", 0 0, v000002767a2a1550_0;  1 drivers
v000002767a29d6a0_0 .net "lut_addr", 13 0, v000002767a29b2d0_0;  1 drivers
v000002767a29d380_0 .var "lut_cnt", 1 0;
v000002767a29d9c0_0 .var "lut_index", 3 0;
v000002767a29dc40_0 .var "macs_en", 0 0;
v000002767a29cde0_0 .net "macs_mode", 0 0, L_000002767a2a0a10;  alias, 1 drivers
v000002767a29e500_0 .net "macs_signal", 0 0, L_000002767a2a12d0;  alias, 1 drivers
v000002767a29d100_0 .net "macs_valid", 0 0, v000002767a209cf0_0;  alias, 1 drivers
v000002767a29e5a0_0 .var "mem0_addr_0", 11 0;
v000002767a29e280_0 .var "mem0_addr_1", 11 0;
v000002767a29d240_0 .net "mem0_rd_data_0", 63 0, v000002767a20ad30_0;  alias, 1 drivers
v000002767a29da60_0 .net "mem0_rd_data_1", 63 0, v000002767a209890_0;  alias, 1 drivers
o000002767a24c4c8 .functor BUFZ 64, C4<zzzzzzzzzzzzzzzzzzzzzzzzzzzzzzzzzzzzzzzzzzzzzzzzzzzzzzzzzzzzzzzz>; HiZ drive
v000002767a29e6e0_0 .net "mem0_wr_data_0", 63 0, o000002767a24c4c8;  0 drivers
o000002767a24c4f8 .functor BUFZ 64, C4<zzzzzzzzzzzzzzzzzzzzzzzzzzzzzzzzzzzzzzzzzzzzzzzzzzzzzzzzzzzzzzzz>; HiZ drive
v000002767a29d420_0 .net "mem0_wr_data_1", 63 0, o000002767a24c4f8;  0 drivers
v000002767a29db00_0 .var "mem0_wr_en_0", 0 0;
v000002767a29e780_0 .var "mem0_wr_en_1", 0 0;
v000002767a29ca20_0 .var "mem1_addr_0", 11 0;
v000002767a29dce0_0 .var "mem1_addr_1", 11 0;
v000002767a29c8e0_0 .net "mem1_rd_data_0", 63 0, v000002767a2099d0_0;  alias, 1 drivers
v000002767a29cac0_0 .net "mem1_rd_data_1", 63 0, o000002767a24c558;  alias, 0 drivers
o000002767a24c588 .functor BUFZ 64, C4<zzzzzzzzzzzzzzzzzzzzzzzzzzzzzzzzzzzzzzzzzzzzzzzzzzzzzzzzzzzzzzzz>; HiZ drive
v000002767a29de20_0 .net "mem1_wr_data_0", 63 0, o000002767a24c588;  0 drivers
o000002767a24c5b8 .functor BUFZ 64, C4<zzzzzzzzzzzzzzzzzzzzzzzzzzzzzzzzzzzzzzzzzzzzzzzzzzzzzzzzzzzzzzzz>; HiZ drive
v000002767a29dec0_0 .net "mem1_wr_data_1", 63 0, o000002767a24c5b8;  0 drivers
v000002767a2a1730_0 .var "mem1_wr_en_0", 0 0;
v000002767a29fe30_0 .var "mem1_wr_en_1", 0 0;
v000002767a2a0510_0 .var "next_state", 2 0;
v000002767a2a0650_0 .var "row", 10 0;
v000002767a2a0790_0 .var "row_limit", 10 0;
v000002767a2a0bf0_0 .net "rstn", 0 0, v000002767a2a1910_0;  alias, 1 drivers
v000002767a2a14b0_0 .var "state", 2 0;
E_000002767a23ce90 .event anyedge, v000002767a29e0a0_0, v000002767a2a14b0_0;
E_000002767a23cbd0/0 .event anyedge, v000002767a29d4c0_0, v000002767a20ad30_0, v000002767a209890_0, v000002767a2099d0_0;
E_000002767a23cbd0/1 .event anyedge, v000002767a29cac0_0;
E_000002767a23cbd0 .event/or E_000002767a23cbd0/0, E_000002767a23cbd0/1;
E_000002767a23c410/0 .event anyedge, v000002767a29b550_0, v000002767a29d920_0, v000002767a29e3c0_0, v000002767a20ad30_0;
E_000002767a23c410/1 .event anyedge, v000002767a209890_0, v000002767a2099d0_0, v000002767a29cac0_0;
E_000002767a23c410 .event/or E_000002767a23c410/0, E_000002767a23c410/1;
E_000002767a23c810/0 .event anyedge, v000002767a29ac90_0, v000002767a29b370_0, v000002767a29e460_0, v000002767a20ad30_0;
E_000002767a23c810/1 .event anyedge, v000002767a209890_0, v000002767a2099d0_0, v000002767a29cac0_0;
E_000002767a23c810 .event/or E_000002767a23c810/0, E_000002767a23c810/1;
E_000002767a23ce10 .event anyedge, v000002767a29ac90_0, v000002767a29b550_0, v000002767a29d4c0_0, v000002767a29e0a0_0;
E_000002767a23ce50 .event anyedge, v000002767a29d600_0;
E_000002767a23c990 .event anyedge, v000002767a29d380_0, v000002767a29d600_0;
E_000002767a23c250/0 .event anyedge, v000002767a2a14b0_0, v000002767a29cd40_0, v000002767a29d380_0, v000002767a2a0650_0;
E_000002767a23c250/1 .event anyedge, v000002767a2a0790_0, v000002767a29cca0_0, v000002767a29d1a0_0, v000002767a29e460_0;
E_000002767a23c250/2 .event anyedge, v000002767a29cb60_0, v000002767a29ce80_0, v000002767a29cc00_0;
E_000002767a23c250 .event/or E_000002767a23c250/0, E_000002767a23c250/1, E_000002767a23c250/2;
E_000002767a23ced0 .event anyedge, v000002767a2a14b0_0;
L_000002767a2a19b0 .part v000002767a29d600_0, 24, 2;
L_000002767a2a0a10 .part L_000002767a2a19b0, 0, 1;
L_000002767a2a12d0 .part v000002767a29d600_0, 12, 1;
L_000002767a29fb10 .functor MUXZ 3, L_000002767a2a1ee0, L_000002767a2a1e98, v000002767a29b370_0, C4<>;
S_0000027679dd2f80 .scope module, "u_AddrLUT" "AddrLUT" 6 305, 7 1 0, S_0000027679e820d0;
 .timescale -12 -12;
    .port_info 0 /INPUT 4 "index";
    .port_info 1 /OUTPUT 14 "addr";
v000002767a29b2d0_0 .var "addr", 13 0;
v000002767a29a970_0 .net "index", 3 0, v000002767a29d9c0_0;  1 drivers
E_000002767a23cfd0 .event anyedge, v000002767a29a970_0;
    .scope S_0000027679eb0600;
T_0 ;
    %vpi_call 3 23 "$readmemh", P_000002767a24a498, v000002767a20a970 {0 0 0};
    %end;
    .thread T_0;
    .scope S_0000027679eb0600;
T_1 ;
    %wait E_000002767a23cc10;
    %load/vec4 v000002767a20a470_0;
    %nor/r;
    %flag_set/vec4 8;
    %jmp/0xz  T_1.0, 8;
    %pushi/vec4 0, 0, 64;
    %assign/vec4 v000002767a20ad30_0, 0;
    %jmp T_1.1;
T_1.0 ;
    %load/vec4 v000002767a2097f0_0;
    %flag_set/vec4 8;
    %jmp/0xz  T_1.2, 8;
    %ix/getv 4, v000002767a20a3d0_0;
    %load/vec4a v000002767a20a970, 4;
    %assign/vec4 v000002767a20ad30_0, 0;
T_1.2 ;
T_1.1 ;
    %jmp T_1;
    .thread T_1;
    .scope S_0000027679eb0600;
T_2 ;
    %wait E_000002767a23cb10;
    %load/vec4 v000002767a20ae70_0;
    %flag_set/vec4 8;
    %jmp/0xz  T_2.0, 8;
    %load/vec4 v000002767a20a790_0;
    %ix/getv 3, v000002767a20a3d0_0;
    %ix/load 4, 0, 0; Constant delay
    %assign/vec4/a/d v000002767a20a970, 0, 4;
T_2.0 ;
    %jmp T_2;
    .thread T_2;
    .scope S_0000027679eb0600;
T_3 ;
    %vpi_func 3 48 "$fopen" 32, P_000002767a24a4d0, "w" {0 0 0};
    %store/vec4 v000002767a20a010_0, 0, 32;
    %delay 10000, 0;
    %pushi/vec4 0, 0, 32;
    %store/vec4 v000002767a20add0_0, 0, 32;
T_3.0 ;
    %load/vec4 v000002767a20add0_0;
    %cmpi/s 1024, 0, 32;
    %jmp/0xz T_3.1, 5;
    %vpi_call 3 53 "$fwrite", v000002767a20a010_0, "%h\012", &A<v000002767a20a970, v000002767a20add0_0 > {0 0 0};
    %load/vec4 v000002767a20add0_0;
    %addi 1, 0, 32;
    %store/vec4 v000002767a20add0_0, 0, 32;
    %jmp T_3.0;
T_3.1 ;
    %vpi_call 3 56 "$fclose", v000002767a20a010_0 {0 0 0};
    %end;
    .thread T_3;
    .scope S_0000027679e9d150;
T_4 ;
    %vpi_call 3 23 "$readmemh", P_0000027679e9d388, v000002767a209430 {0 0 0};
    %end;
    .thread T_4;
    .scope S_0000027679e9d150;
T_5 ;
    %wait E_000002767a23cc10;
    %load/vec4 v000002767a20a150_0;
    %nor/r;
    %flag_set/vec4 8;
    %jmp/0xz  T_5.0, 8;
    %pushi/vec4 0, 0, 64;
    %assign/vec4 v000002767a209890_0, 0;
    %jmp T_5.1;
T_5.0 ;
    %load/vec4 v000002767a2094d0_0;
    %flag_set/vec4 8;
    %jmp/0xz  T_5.2, 8;
    %ix/getv 4, v000002767a20ab50_0;
    %load/vec4a v000002767a209430, 4;
    %assign/vec4 v000002767a209890_0, 0;
T_5.2 ;
T_5.1 ;
    %jmp T_5;
    .thread T_5;
    .scope S_0000027679e9d150;
T_6 ;
    %wait E_000002767a23cb10;
    %load/vec4 v000002767a20a5b0_0;
    %flag_set/vec4 8;
    %jmp/0xz  T_6.0, 8;
    %load/vec4 v000002767a20a290_0;
    %ix/getv 3, v000002767a20ab50_0;
    %ix/load 4, 0, 0; Constant delay
    %assign/vec4/a/d v000002767a209430, 0, 4;
T_6.0 ;
    %jmp T_6;
    .thread T_6;
    .scope S_0000027679e9d150;
T_7 ;
    %vpi_func 3 48 "$fopen" 32, P_0000027679e9d3c0, "w" {0 0 0};
    %store/vec4 v000002767a209250_0, 0, 32;
    %delay 10000, 0;
    %pushi/vec4 0, 0, 32;
    %store/vec4 v000002767a20a6f0_0, 0, 32;
T_7.0 ;
    %load/vec4 v000002767a20a6f0_0;
    %cmpi/s 1024, 0, 32;
    %jmp/0xz T_7.1, 5;
    %vpi_call 3 53 "$fwrite", v000002767a209250_0, "%h\012", &A<v000002767a209430, v000002767a20a6f0_0 > {0 0 0};
    %load/vec4 v000002767a20a6f0_0;
    %addi 1, 0, 32;
    %store/vec4 v000002767a20a6f0_0, 0, 32;
    %jmp T_7.0;
T_7.1 ;
    %vpi_call 3 56 "$fclose", v000002767a209250_0 {0 0 0};
    %end;
    .thread T_7;
    .scope S_0000027679e9d440;
T_8 ;
    %vpi_call 3 23 "$readmemh", P_0000027679e9a558, v000002767a209930 {0 0 0};
    %end;
    .thread T_8;
    .scope S_0000027679e9d440;
T_9 ;
    %wait E_000002767a23cc10;
    %load/vec4 v000002767a2091b0_0;
    %nor/r;
    %flag_set/vec4 8;
    %jmp/0xz  T_9.0, 8;
    %pushi/vec4 0, 0, 64;
    %assign/vec4 v000002767a2099d0_0, 0;
    %jmp T_9.1;
T_9.0 ;
    %load/vec4 v000002767a209110_0;
    %flag_set/vec4 8;
    %jmp/0xz  T_9.2, 8;
    %ix/getv 4, v000002767a20a1f0_0;
    %load/vec4a v000002767a209930, 4;
    %assign/vec4 v000002767a2099d0_0, 0;
T_9.2 ;
T_9.1 ;
    %jmp T_9;
    .thread T_9;
    .scope S_0000027679e9d440;
T_10 ;
    %wait E_000002767a23cb10;
    %load/vec4 v000002767a2092f0_0;
    %flag_set/vec4 8;
    %jmp/0xz  T_10.0, 8;
    %load/vec4 v000002767a20a330_0;
    %ix/getv 3, v000002767a20a1f0_0;
    %ix/load 4, 0, 0; Constant delay
    %assign/vec4/a/d v000002767a209930, 0, 4;
T_10.0 ;
    %jmp T_10;
    .thread T_10;
    .scope S_0000027679e9d440;
T_11 ;
    %vpi_func 3 48 "$fopen" 32, P_0000027679e9a590, "w" {0 0 0};
    %store/vec4 v000002767a2096b0_0, 0, 32;
    %delay 10000, 0;
    %pushi/vec4 0, 0, 32;
    %store/vec4 v000002767a20af10_0, 0, 32;
T_11.0 ;
    %load/vec4 v000002767a20af10_0;
    %cmpi/s 1024, 0, 32;
    %jmp/0xz T_11.1, 5;
    %vpi_call 3 53 "$fwrite", v000002767a2096b0_0, "%h\012", &A<v000002767a209930, v000002767a20af10_0 > {0 0 0};
    %load/vec4 v000002767a20af10_0;
    %addi 1, 0, 32;
    %store/vec4 v000002767a20af10_0, 0, 32;
    %jmp T_11.0;
T_11.1 ;
    %vpi_call 3 56 "$fclose", v000002767a2096b0_0 {0 0 0};
    %end;
    .thread T_11;
    .scope S_0000027679e92020;
T_12 ;
    %wait E_000002767a23cc10;
    %load/vec4 v000002767a209b10_0;
    %nor/r;
    %flag_set/vec4 8;
    %jmp/0xz  T_12.0, 8;
    %pushi/vec4 0, 0, 16;
    %assign/vec4 v000002767a209a70_0, 0;
    %pushi/vec4 0, 0, 1;
    %assign/vec4 v000002767a209cf0_0, 0;
    %pushi/vec4 0, 0, 1;
    %assign/vec4 v000002767a209bb0_0, 0;
    %jmp T_12.1;
T_12.0 ;
    %load/vec4 v000002767a209bb0_0;
    %nor/r;
    %flag_set/vec4 8;
    %jmp/0xz  T_12.2, 8;
    %load/vec4 v000002767a209750_0;
    %flag_set/vec4 8;
    %jmp/0xz  T_12.4, 8;
    %load/vec4 v000002767a209570_0;
    %load/vec4 v000002767a209e30_0;
    %mul;
    %assign/vec4 v000002767a209a70_0, 0;
    %pushi/vec4 0, 0, 1;
    %assign/vec4 v000002767a209cf0_0, 0;
    %pushi/vec4 1, 0, 1;
    %assign/vec4 v000002767a209bb0_0, 0;
    %jmp T_12.5;
T_12.4 ;
    %pushi/vec4 0, 0, 1;
    %assign/vec4 v000002767a209cf0_0, 0;
T_12.5 ;
    %jmp T_12.3;
T_12.2 ;
    %load/vec4 v000002767a209a70_0;
    %load/vec4 v000002767a209390_0;
    %add;
    %assign/vec4 v000002767a209a70_0, 0;
    %pushi/vec4 1, 0, 1;
    %assign/vec4 v000002767a209cf0_0, 0;
    %pushi/vec4 0, 0, 1;
    %assign/vec4 v000002767a209bb0_0, 0;
T_12.3 ;
T_12.1 ;
    %jmp T_12;
    .thread T_12;
    .scope S_0000027679e921b0;
T_13 ;
    %wait E_000002767a23cc10;
    %load/vec4 v0000027679ebbbb0_0;
    %nor/r;
    %flag_set/vec4 8;
    %jmp/0xz  T_13.0, 8;
    %pushi/vec4 0, 0, 16;
    %assign/vec4 v0000027679ebbb10_0, 0;
    %pushi/vec4 0, 0, 1;
    %assign/vec4 v0000027679ebbf70_0, 0;
    %pushi/vec4 0, 0, 1;
    %assign/vec4 v0000027679ebba70_0, 0;
    %jmp T_13.1;
T_13.0 ;
    %load/vec4 v0000027679ebba70_0;
    %nor/r;
    %flag_set/vec4 8;
    %jmp/0xz  T_13.2, 8;
    %load/vec4 v0000027679ebb6b0_0;
    %flag_set/vec4 8;
    %jmp/0xz  T_13.4, 8;
    %load/vec4 v000002767a20a830_0;
    %load/vec4 v000002767a209d90_0;
    %mul;
    %assign/vec4 v0000027679ebbb10_0, 0;
    %pushi/vec4 0, 0, 1;
    %assign/vec4 v0000027679ebbf70_0, 0;
    %pushi/vec4 1, 0, 1;
    %assign/vec4 v0000027679ebba70_0, 0;
    %jmp T_13.5;
T_13.4 ;
    %pushi/vec4 0, 0, 1;
    %assign/vec4 v0000027679ebbf70_0, 0;
T_13.5 ;
    %jmp T_13.3;
T_13.2 ;
    %load/vec4 v0000027679ebbb10_0;
    %load/vec4 v0000027679ebb9d0_0;
    %add;
    %assign/vec4 v0000027679ebbb10_0, 0;
    %pushi/vec4 1, 0, 1;
    %assign/vec4 v0000027679ebbf70_0, 0;
    %pushi/vec4 0, 0, 1;
    %assign/vec4 v0000027679ebba70_0, 0;
T_13.3 ;
T_13.1 ;
    %jmp T_13;
    .thread T_13;
    .scope S_0000027679e86560;
T_14 ;
    %wait E_000002767a23cc10;
    %load/vec4 v000002767a29b870_0;
    %nor/r;
    %flag_set/vec4 8;
    %jmp/0xz  T_14.0, 8;
    %pushi/vec4 0, 0, 16;
    %assign/vec4 v000002767a29bc30_0, 0;
    %pushi/vec4 0, 0, 1;
    %assign/vec4 v000002767a29c3b0_0, 0;
    %pushi/vec4 0, 0, 1;
    %assign/vec4 v000002767a29c6d0_0, 0;
    %jmp T_14.1;
T_14.0 ;
    %load/vec4 v000002767a29c6d0_0;
    %nor/r;
    %flag_set/vec4 8;
    %jmp/0xz  T_14.2, 8;
    %load/vec4 v000002767a29ae70_0;
    %flag_set/vec4 8;
    %jmp/0xz  T_14.4, 8;
    %load/vec4 v0000027679ebbc50_0;
    %load/vec4 v0000027679ebc150_0;
    %mul;
    %assign/vec4 v000002767a29bc30_0, 0;
    %pushi/vec4 0, 0, 1;
    %assign/vec4 v000002767a29c3b0_0, 0;
    %pushi/vec4 1, 0, 1;
    %assign/vec4 v000002767a29c6d0_0, 0;
    %jmp T_14.5;
T_14.4 ;
    %pushi/vec4 0, 0, 1;
    %assign/vec4 v000002767a29c3b0_0, 0;
T_14.5 ;
    %jmp T_14.3;
T_14.2 ;
    %load/vec4 v000002767a29bc30_0;
    %load/vec4 v0000027679ebc0b0_0;
    %add;
    %assign/vec4 v000002767a29bc30_0, 0;
    %pushi/vec4 1, 0, 1;
    %assign/vec4 v000002767a29c3b0_0, 0;
    %pushi/vec4 0, 0, 1;
    %assign/vec4 v000002767a29c6d0_0, 0;
T_14.3 ;
T_14.1 ;
    %jmp T_14;
    .thread T_14;
    .scope S_0000027679e866f0;
T_15 ;
    %wait E_000002767a23cc10;
    %load/vec4 v000002767a29b730_0;
    %nor/r;
    %flag_set/vec4 8;
    %jmp/0xz  T_15.0, 8;
    %pushi/vec4 0, 0, 16;
    %assign/vec4 v000002767a29ba50_0, 0;
    %pushi/vec4 0, 0, 1;
    %assign/vec4 v000002767a29bff0_0, 0;
    %pushi/vec4 0, 0, 1;
    %assign/vec4 v000002767a29b910_0, 0;
    %jmp T_15.1;
T_15.0 ;
    %load/vec4 v000002767a29b910_0;
    %nor/r;
    %flag_set/vec4 8;
    %jmp/0xz  T_15.2, 8;
    %load/vec4 v000002767a29af10_0;
    %flag_set/vec4 8;
    %jmp/0xz  T_15.4, 8;
    %load/vec4 v000002767a29c630_0;
    %load/vec4 v000002767a29b690_0;
    %mul;
    %assign/vec4 v000002767a29ba50_0, 0;
    %pushi/vec4 0, 0, 1;
    %assign/vec4 v000002767a29bff0_0, 0;
    %pushi/vec4 1, 0, 1;
    %assign/vec4 v000002767a29b910_0, 0;
    %jmp T_15.5;
T_15.4 ;
    %pushi/vec4 0, 0, 1;
    %assign/vec4 v000002767a29bff0_0, 0;
T_15.5 ;
    %jmp T_15.3;
T_15.2 ;
    %load/vec4 v000002767a29ba50_0;
    %load/vec4 v000002767a29add0_0;
    %add;
    %assign/vec4 v000002767a29ba50_0, 0;
    %pushi/vec4 1, 0, 1;
    %assign/vec4 v000002767a29bff0_0, 0;
    %pushi/vec4 0, 0, 1;
    %assign/vec4 v000002767a29b910_0, 0;
T_15.3 ;
T_15.1 ;
    %jmp T_15;
    .thread T_15;
    .scope S_0000027679dd2f80;
T_16 ;
    %wait E_000002767a23cfd0;
    %load/vec4 v000002767a29a970_0;
    %dup/vec4;
    %pushi/vec4 0, 0, 4;
    %cmp/u;
    %jmp/1 T_16.0, 6;
    %dup/vec4;
    %pushi/vec4 1, 0, 4;
    %cmp/u;
    %jmp/1 T_16.1, 6;
    %dup/vec4;
    %pushi/vec4 2, 0, 4;
    %cmp/u;
    %jmp/1 T_16.2, 6;
    %dup/vec4;
    %pushi/vec4 3, 0, 4;
    %cmp/u;
    %jmp/1 T_16.3, 6;
    %dup/vec4;
    %pushi/vec4 4, 0, 4;
    %cmp/u;
    %jmp/1 T_16.4, 6;
    %dup/vec4;
    %pushi/vec4 5, 0, 4;
    %cmp/u;
    %jmp/1 T_16.5, 6;
    %dup/vec4;
    %pushi/vec4 6, 0, 4;
    %cmp/u;
    %jmp/1 T_16.6, 6;
    %dup/vec4;
    %pushi/vec4 7, 0, 4;
    %cmp/u;
    %jmp/1 T_16.7, 6;
    %dup/vec4;
    %pushi/vec4 8, 0, 4;
    %cmp/u;
    %jmp/1 T_16.8, 6;
    %dup/vec4;
    %pushi/vec4 9, 0, 4;
    %cmp/u;
    %jmp/1 T_16.9, 6;
    %dup/vec4;
    %pushi/vec4 10, 0, 4;
    %cmp/u;
    %jmp/1 T_16.10, 6;
    %dup/vec4;
    %pushi/vec4 11, 0, 4;
    %cmp/u;
    %jmp/1 T_16.11, 6;
    %dup/vec4;
    %pushi/vec4 12, 0, 4;
    %cmp/u;
    %jmp/1 T_16.12, 6;
    %dup/vec4;
    %pushi/vec4 13, 0, 4;
    %cmp/u;
    %jmp/1 T_16.13, 6;
    %dup/vec4;
    %pushi/vec4 14, 0, 4;
    %cmp/u;
    %jmp/1 T_16.14, 6;
    %dup/vec4;
    %pushi/vec4 15, 0, 4;
    %cmp/u;
    %jmp/1 T_16.15, 6;
    %jmp T_16.16;
T_16.0 ;
    %pushi/vec4 0, 0, 14;
    %store/vec4 v000002767a29b2d0_0, 0, 14;
    %jmp T_16.16;
T_16.1 ;
    %pushi/vec4 4096, 0, 14;
    %store/vec4 v000002767a29b2d0_0, 0, 14;
    %jmp T_16.16;
T_16.2 ;
    %pushi/vec4 8192, 0, 14;
    %store/vec4 v000002767a29b2d0_0, 0, 14;
    %jmp T_16.16;
T_16.3 ;
    %pushi/vec4 12288, 0, 14;
    %store/vec4 v000002767a29b2d0_0, 0, 14;
    %jmp T_16.16;
T_16.4 ;
    %pushi/vec4 4, 0, 14;
    %store/vec4 v000002767a29b2d0_0, 0, 14;
    %jmp T_16.16;
T_16.5 ;
    %pushi/vec4 5, 0, 14;
    %store/vec4 v000002767a29b2d0_0, 0, 14;
    %jmp T_16.16;
T_16.6 ;
    %pushi/vec4 6, 0, 14;
    %store/vec4 v000002767a29b2d0_0, 0, 14;
    %jmp T_16.16;
T_16.7 ;
    %pushi/vec4 7, 0, 14;
    %store/vec4 v000002767a29b2d0_0, 0, 14;
    %jmp T_16.16;
T_16.8 ;
    %pushi/vec4 8, 0, 14;
    %store/vec4 v000002767a29b2d0_0, 0, 14;
    %jmp T_16.16;
T_16.9 ;
    %pushi/vec4 9, 0, 14;
    %store/vec4 v000002767a29b2d0_0, 0, 14;
    %jmp T_16.16;
T_16.10 ;
    %pushi/vec4 10, 0, 14;
    %store/vec4 v000002767a29b2d0_0, 0, 14;
    %jmp T_16.16;
T_16.11 ;
    %pushi/vec4 11, 0, 14;
    %store/vec4 v000002767a29b2d0_0, 0, 14;
    %jmp T_16.16;
T_16.12 ;
    %pushi/vec4 12, 0, 14;
    %store/vec4 v000002767a29b2d0_0, 0, 14;
    %jmp T_16.16;
T_16.13 ;
    %pushi/vec4 13, 0, 14;
    %store/vec4 v000002767a29b2d0_0, 0, 14;
    %jmp T_16.16;
T_16.14 ;
    %pushi/vec4 14, 0, 14;
    %store/vec4 v000002767a29b2d0_0, 0, 14;
    %jmp T_16.16;
T_16.15 ;
    %pushi/vec4 15, 0, 14;
    %store/vec4 v000002767a29b2d0_0, 0, 14;
    %jmp T_16.16;
T_16.16 ;
    %pop/vec4 1;
    %jmp T_16;
    .thread T_16, $push;
    .scope S_0000027679e820d0;
T_17 ;
    %wait E_000002767a23ced0;
    %load/vec4 v000002767a2a14b0_0;
    %cmpi/e 6, 0, 3;
    %jmp/0xz  T_17.0, 4;
    %pushi/vec4 1, 0, 1;
    %store/vec4 v000002767a29dc40_0, 0, 1;
    %jmp T_17.1;
T_17.0 ;
    %pushi/vec4 0, 0, 1;
    %store/vec4 v000002767a29dc40_0, 0, 1;
T_17.1 ;
    %jmp T_17;
    .thread T_17, $push;
    .scope S_0000027679e820d0;
T_18 ;
    %wait E_000002767a23cc10;
    %load/vec4 v000002767a2a0bf0_0;
    %nor/r;
    %flag_set/vec4 8;
    %jmp/0xz  T_18.0, 8;
    %pushi/vec4 0, 0, 3;
    %assign/vec4 v000002767a2a14b0_0, 0;
    %jmp T_18.1;
T_18.0 ;
    %load/vec4 v000002767a2a0510_0;
    %assign/vec4 v000002767a2a14b0_0, 0;
T_18.1 ;
    %jmp T_18;
    .thread T_18;
    .scope S_0000027679e820d0;
T_19 ;
    %wait E_000002767a23c250;
    %load/vec4 v000002767a2a14b0_0;
    %dup/vec4;
    %pushi/vec4 0, 0, 3;
    %cmp/u;
    %jmp/1 T_19.0, 6;
    %dup/vec4;
    %pushi/vec4 1, 0, 3;
    %cmp/u;
    %jmp/1 T_19.1, 6;
    %dup/vec4;
    %pushi/vec4 2, 0, 3;
    %cmp/u;
    %jmp/1 T_19.2, 6;
    %dup/vec4;
    %pushi/vec4 3, 0, 3;
    %cmp/u;
    %jmp/1 T_19.3, 6;
    %dup/vec4;
    %pushi/vec4 4, 0, 3;
    %cmp/u;
    %jmp/1 T_19.4, 6;
    %dup/vec4;
    %pushi/vec4 5, 0, 3;
    %cmp/u;
    %jmp/1 T_19.5, 6;
    %dup/vec4;
    %pushi/vec4 6, 0, 3;
    %cmp/u;
    %jmp/1 T_19.6, 6;
    %jmp T_19.7;
T_19.0 ;
    %pushi/vec4 1, 0, 3;
    %store/vec4 v000002767a2a0510_0, 0, 3;
    %jmp T_19.7;
T_19.1 ;
    %load/vec4 v000002767a29cd40_0;
    %flag_set/vec4 8;
    %jmp/0xz  T_19.8, 8;
    %pushi/vec4 2, 0, 3;
    %store/vec4 v000002767a2a0510_0, 0, 3;
    %jmp T_19.9;
T_19.8 ;
    %pushi/vec4 1, 0, 3;
    %store/vec4 v000002767a2a0510_0, 0, 3;
T_19.9 ;
    %jmp T_19.7;
T_19.2 ;
    %load/vec4 v000002767a29d380_0;
    %cmpi/e 2, 0, 2;
    %jmp/0xz  T_19.10, 4;
    %pushi/vec4 6, 0, 3;
    %store/vec4 v000002767a2a0510_0, 0, 3;
    %jmp T_19.11;
T_19.10 ;
    %pushi/vec4 2, 0, 3;
    %store/vec4 v000002767a2a0510_0, 0, 3;
T_19.11 ;
    %jmp T_19.7;
T_19.3 ;
    %load/vec4 v000002767a2a0650_0;
    %load/vec4 v000002767a2a0790_0;
    %cmp/e;
    %jmp/0xz  T_19.12, 4;
    %pushi/vec4 7, 0, 3;
    %store/vec4 v000002767a2a0510_0, 0, 3;
    %jmp T_19.13;
T_19.12 ;
    %pushi/vec4 6, 0, 3;
    %store/vec4 v000002767a2a0510_0, 0, 3;
T_19.13 ;
    %jmp T_19.7;
T_19.4 ;
    %load/vec4 v000002767a29cca0_0;
    %load/vec4 v000002767a29d1a0_0;
    %cmp/e;
    %jmp/0xz  T_19.14, 4;
    %pushi/vec4 3, 0, 3;
    %store/vec4 v000002767a2a0510_0, 0, 3;
    %jmp T_19.15;
T_19.14 ;
    %pushi/vec4 6, 0, 3;
    %store/vec4 v000002767a2a0510_0, 0, 3;
T_19.15 ;
    %jmp T_19.7;
T_19.5 ;
    %load/vec4 v000002767a29e460_0;
    %load/vec4 v000002767a29cb60_0;
    %cmp/e;
    %jmp/0xz  T_19.16, 4;
    %pushi/vec4 4, 0, 3;
    %store/vec4 v000002767a2a0510_0, 0, 3;
    %jmp T_19.17;
T_19.16 ;
    %pushi/vec4 6, 0, 3;
    %store/vec4 v000002767a2a0510_0, 0, 3;
T_19.17 ;
    %jmp T_19.7;
T_19.6 ;
    %load/vec4 v000002767a29ce80_0;
    %load/vec4 v000002767a29cc00_0;
    %cmp/e;
    %jmp/0xz  T_19.18, 4;
    %pushi/vec4 5, 0, 3;
    %store/vec4 v000002767a2a0510_0, 0, 3;
    %jmp T_19.19;
T_19.18 ;
    %pushi/vec4 6, 0, 3;
    %store/vec4 v000002767a2a0510_0, 0, 3;
T_19.19 ;
    %jmp T_19.7;
T_19.7 ;
    %pop/vec4 1;
    %jmp T_19;
    .thread T_19, $push;
    .scope S_0000027679e820d0;
T_20 ;
    %wait E_000002767a23cc10;
    %load/vec4 v000002767a2a0bf0_0;
    %nor/r;
    %flag_set/vec4 8;
    %jmp/0xz  T_20.0, 8;
    %pushi/vec4 0, 0, 27;
    %assign/vec4 v000002767a29d600_0, 0;
    %jmp T_20.1;
T_20.0 ;
    %load/vec4 v000002767a2a14b0_0;
    %dup/vec4;
    %pushi/vec4 1, 0, 3;
    %cmp/u;
    %jmp/1 T_20.2, 6;
    %jmp T_20.3;
T_20.2 ;
    %load/vec4 v000002767a29d2e0_0;
    %assign/vec4 v000002767a29d600_0, 0;
    %jmp T_20.3;
T_20.3 ;
    %pop/vec4 1;
T_20.1 ;
    %jmp T_20;
    .thread T_20;
    .scope S_0000027679e820d0;
T_21 ;
    %wait E_000002767a23cc10;
    %load/vec4 v000002767a2a0bf0_0;
    %nor/r;
    %flag_set/vec4 8;
    %jmp/0xz  T_21.0, 8;
    %pushi/vec4 0, 0, 11;
    %assign/vec4 v000002767a2a0790_0, 0;
    %pushi/vec4 0, 0, 9;
    %assign/vec4 v000002767a29d1a0_0, 0;
    %pushi/vec4 0, 0, 9;
    %assign/vec4 v000002767a29cc00_0, 0;
    %jmp T_21.1;
T_21.0 ;
    %load/vec4 v000002767a2a14b0_0;
    %cmpi/e 2, 0, 3;
    %jmp/0xz  T_21.2, 4;
    %load/vec4 v000002767a29d600_0;
    %parti/s 1, 11, 5;
    %flag_set/vec4 8;
    %jmp/0 T_21.4, 8;
    %pushi/vec4 15, 0, 11;
    %jmp/1 T_21.5, 8;
T_21.4 ; End of true expr.
    %pushi/vec4 0, 0, 8;
    %load/vec4 v000002767a29d600_0;
    %parti/s 3, 8, 5;
    %concat/vec4; draw_concat_vec4
    %jmp/0 T_21.5, 8;
 ; End of false expr.
    %blend;
T_21.5;
    %assign/vec4 v000002767a2a0790_0, 0;
    %load/vec4 v000002767a29d600_0;
    %parti/s 1, 7, 4;
    %flag_set/vec4 8;
    %jmp/0 T_21.6, 8;
    %pushi/vec4 335, 0, 11;
    %jmp/1 T_21.7, 8;
T_21.6 ; End of true expr.
    %pushi/vec4 0, 0, 8;
    %load/vec4 v000002767a29d600_0;
    %parti/s 3, 4, 4;
    %concat/vec4; draw_concat_vec4
    %jmp/0 T_21.7, 8;
 ; End of false expr.
    %blend;
T_21.7;
    %pad/u 9;
    %assign/vec4 v000002767a29d1a0_0, 0;
    %load/vec4 v000002767a29d600_0;
    %parti/s 1, 3, 3;
    %flag_set/vec4 8;
    %jmp/0 T_21.8, 8;
    %pushi/vec4 335, 0, 11;
    %jmp/1 T_21.9, 8;
T_21.8 ; End of true expr.
    %pushi/vec4 0, 0, 8;
    %load/vec4 v000002767a29d600_0;
    %parti/s 3, 0, 2;
    %concat/vec4; draw_concat_vec4
    %jmp/0 T_21.9, 8;
 ; End of false expr.
    %blend;
T_21.9;
    %pad/u 9;
    %assign/vec4 v000002767a29cc00_0, 0;
T_21.2 ;
T_21.1 ;
    %jmp T_21;
    .thread T_21;
    .scope S_0000027679e820d0;
T_22 ;
    %wait E_000002767a23cc10;
    %load/vec4 v000002767a2a0bf0_0;
    %nor/r;
    %flag_set/vec4 8;
    %jmp/0xz  T_22.0, 8;
    %pushi/vec4 0, 0, 11;
    %assign/vec4 v000002767a2a0650_0, 0;
    %jmp T_22.1;
T_22.0 ;
    %load/vec4 v000002767a2a14b0_0;
    %dup/vec4;
    %pushi/vec4 2, 0, 3;
    %cmp/u;
    %jmp/1 T_22.2, 6;
    %dup/vec4;
    %pushi/vec4 3, 0, 3;
    %cmp/u;
    %jmp/1 T_22.3, 6;
    %jmp T_22.4;
T_22.2 ;
    %pushi/vec4 0, 0, 11;
    %assign/vec4 v000002767a2a0650_0, 0;
    %jmp T_22.4;
T_22.3 ;
    %load/vec4 v000002767a2a0650_0;
    %load/vec4 v000002767a2a0790_0;
    %cmp/e;
    %jmp/0xz  T_22.5, 4;
    %pushi/vec4 0, 0, 11;
    %assign/vec4 v000002767a2a0650_0, 0;
    %jmp T_22.6;
T_22.5 ;
    %load/vec4 v000002767a2a0650_0;
    %addi 1, 0, 11;
    %assign/vec4 v000002767a2a0650_0, 0;
T_22.6 ;
    %jmp T_22.4;
T_22.4 ;
    %pop/vec4 1;
T_22.1 ;
    %jmp T_22;
    .thread T_22;
    .scope S_0000027679e820d0;
T_23 ;
    %wait E_000002767a23cc10;
    %load/vec4 v000002767a2a0bf0_0;
    %nor/r;
    %flag_set/vec4 8;
    %jmp/0xz  T_23.0, 8;
    %pushi/vec4 0, 0, 9;
    %assign/vec4 v000002767a29cca0_0, 0;
    %jmp T_23.1;
T_23.0 ;
    %load/vec4 v000002767a2a14b0_0;
    %dup/vec4;
    %pushi/vec4 2, 0, 3;
    %cmp/u;
    %jmp/1 T_23.2, 6;
    %dup/vec4;
    %pushi/vec4 3, 0, 3;
    %cmp/u;
    %jmp/1 T_23.3, 6;
    %dup/vec4;
    %pushi/vec4 4, 0, 3;
    %cmp/u;
    %jmp/1 T_23.4, 6;
    %jmp T_23.5;
T_23.2 ;
    %pushi/vec4 0, 0, 9;
    %assign/vec4 v000002767a29cca0_0, 0;
    %jmp T_23.5;
T_23.3 ;
    %pushi/vec4 0, 0, 9;
    %assign/vec4 v000002767a29cca0_0, 0;
    %jmp T_23.5;
T_23.4 ;
    %load/vec4 v000002767a29cca0_0;
    %load/vec4 v000002767a29d1a0_0;
    %cmp/e;
    %jmp/0xz  T_23.6, 4;
    %pushi/vec4 0, 0, 9;
    %assign/vec4 v000002767a29cca0_0, 0;
    %jmp T_23.7;
T_23.6 ;
    %load/vec4 v000002767a29cca0_0;
    %addi 1, 0, 9;
    %assign/vec4 v000002767a29cca0_0, 0;
T_23.7 ;
    %jmp T_23.5;
T_23.5 ;
    %pop/vec4 1;
T_23.1 ;
    %jmp T_23;
    .thread T_23;
    .scope S_0000027679e820d0;
T_24 ;
    %wait E_000002767a23cc10;
    %load/vec4 v000002767a2a0bf0_0;
    %nor/r;
    %flag_set/vec4 8;
    %jmp/0xz  T_24.0, 8;
    %pushi/vec4 0, 0, 3;
    %assign/vec4 v000002767a29e460_0, 0;
    %jmp T_24.1;
T_24.0 ;
    %load/vec4 v000002767a2a14b0_0;
    %dup/vec4;
    %pushi/vec4 2, 0, 3;
    %cmp/u;
    %jmp/1 T_24.2, 6;
    %dup/vec4;
    %pushi/vec4 3, 0, 3;
    %cmp/u;
    %jmp/1 T_24.3, 6;
    %dup/vec4;
    %pushi/vec4 4, 0, 3;
    %cmp/u;
    %jmp/1 T_24.4, 6;
    %dup/vec4;
    %pushi/vec4 5, 0, 3;
    %cmp/u;
    %jmp/1 T_24.5, 6;
    %jmp T_24.6;
T_24.2 ;
    %pushi/vec4 0, 0, 3;
    %assign/vec4 v000002767a29e460_0, 0;
    %jmp T_24.6;
T_24.3 ;
    %pushi/vec4 0, 0, 3;
    %assign/vec4 v000002767a29e460_0, 0;
    %jmp T_24.6;
T_24.4 ;
    %pushi/vec4 0, 0, 3;
    %assign/vec4 v000002767a29e460_0, 0;
    %jmp T_24.6;
T_24.5 ;
    %load/vec4 v000002767a29e460_0;
    %load/vec4 v000002767a29cb60_0;
    %cmp/e;
    %jmp/0xz  T_24.7, 4;
    %pushi/vec4 0, 0, 3;
    %assign/vec4 v000002767a29e460_0, 0;
    %jmp T_24.8;
T_24.7 ;
    %load/vec4 v000002767a29e460_0;
    %addi 1, 0, 3;
    %assign/vec4 v000002767a29e460_0, 0;
T_24.8 ;
    %jmp T_24.6;
T_24.6 ;
    %pop/vec4 1;
T_24.1 ;
    %jmp T_24;
    .thread T_24;
    .scope S_0000027679e820d0;
T_25 ;
    %wait E_000002767a23cc10;
    %load/vec4 v000002767a2a0bf0_0;
    %nor/r;
    %flag_set/vec4 8;
    %jmp/0xz  T_25.0, 8;
    %pushi/vec4 0, 0, 9;
    %assign/vec4 v000002767a29ce80_0, 0;
    %jmp T_25.1;
T_25.0 ;
    %load/vec4 v000002767a2a14b0_0;
    %dup/vec4;
    %pushi/vec4 2, 0, 3;
    %cmp/u;
    %jmp/1 T_25.2, 6;
    %dup/vec4;
    %pushi/vec4 3, 0, 3;
    %cmp/u;
    %jmp/1 T_25.3, 6;
    %dup/vec4;
    %pushi/vec4 4, 0, 3;
    %cmp/u;
    %jmp/1 T_25.4, 6;
    %dup/vec4;
    %pushi/vec4 5, 0, 3;
    %cmp/u;
    %jmp/1 T_25.5, 6;
    %dup/vec4;
    %pushi/vec4 6, 0, 3;
    %cmp/u;
    %jmp/1 T_25.6, 6;
    %jmp T_25.7;
T_25.2 ;
    %pushi/vec4 0, 0, 9;
    %assign/vec4 v000002767a29ce80_0, 0;
    %jmp T_25.7;
T_25.3 ;
    %pushi/vec4 0, 0, 9;
    %assign/vec4 v000002767a29ce80_0, 0;
    %jmp T_25.7;
T_25.4 ;
    %pushi/vec4 0, 0, 9;
    %assign/vec4 v000002767a29ce80_0, 0;
    %jmp T_25.7;
T_25.5 ;
    %pushi/vec4 0, 0, 9;
    %assign/vec4 v000002767a29ce80_0, 0;
    %jmp T_25.7;
T_25.6 ;
    %load/vec4 v000002767a29d100_0;
    %flag_set/vec4 8;
    %jmp/0xz  T_25.8, 8;
    %load/vec4 v000002767a29ce80_0;
    %load/vec4 v000002767a29cc00_0;
    %cmp/e;
    %jmp/0xz  T_25.10, 4;
    %pushi/vec4 0, 0, 9;
    %assign/vec4 v000002767a29ce80_0, 0;
    %jmp T_25.11;
T_25.10 ;
    %load/vec4 v000002767a29ce80_0;
    %addi 1, 0, 9;
    %assign/vec4 v000002767a29ce80_0, 0;
T_25.11 ;
T_25.8 ;
    %jmp T_25.7;
T_25.7 ;
    %pop/vec4 1;
T_25.1 ;
    %jmp T_25;
    .thread T_25;
    .scope S_0000027679e820d0;
T_26 ;
    %wait E_000002767a23c990;
    %load/vec4 v000002767a29d380_0;
    %dup/vec4;
    %pushi/vec4 0, 0, 2;
    %cmp/u;
    %jmp/1 T_26.0, 6;
    %dup/vec4;
    %pushi/vec4 1, 0, 2;
    %cmp/u;
    %jmp/1 T_26.1, 6;
    %dup/vec4;
    %pushi/vec4 2, 0, 2;
    %cmp/u;
    %jmp/1 T_26.2, 6;
    %dup/vec4;
    %pushi/vec4 3, 0, 2;
    %cmp/u;
    %jmp/1 T_26.3, 6;
    %jmp T_26.4;
T_26.0 ;
    %load/vec4 v000002767a29d600_0;
    %parti/s 4, 20, 6;
    %store/vec4 v000002767a29d9c0_0, 0, 4;
    %jmp T_26.4;
T_26.1 ;
    %load/vec4 v000002767a29d600_0;
    %parti/s 4, 16, 6;
    %store/vec4 v000002767a29d9c0_0, 0, 4;
    %jmp T_26.4;
T_26.2 ;
    %load/vec4 v000002767a29d600_0;
    %parti/s 4, 12, 5;
    %store/vec4 v000002767a29d9c0_0, 0, 4;
    %jmp T_26.4;
T_26.3 ;
    %pushi/vec4 0, 0, 4;
    %store/vec4 v000002767a29d9c0_0, 0, 4;
    %jmp T_26.4;
T_26.4 ;
    %pop/vec4 1;
    %jmp T_26;
    .thread T_26, $push;
    .scope S_0000027679e820d0;
T_27 ;
    %wait E_000002767a23ce50;
    %load/vec4 v000002767a29d600_0;
    %parti/s 4, 20, 6;
    %dup/vec4;
    %pushi/vec4 15, 0, 4;
    %cmp/u;
    %jmp/1 T_27.0, 6;
    %pushi/vec4 0, 0, 1;
    %store/vec4 v000002767a29b370_0, 0, 1;
    %jmp T_27.2;
T_27.0 ;
    %pushi/vec4 1, 0, 1;
    %store/vec4 v000002767a29b370_0, 0, 1;
    %jmp T_27.2;
T_27.2 ;
    %pop/vec4 1;
    %jmp T_27;
    .thread T_27, $push;
    .scope S_0000027679e820d0;
T_28 ;
    %wait E_000002767a23ce50;
    %load/vec4 v000002767a29d600_0;
    %parti/s 4, 16, 6;
    %dup/vec4;
    %pushi/vec4 15, 0, 4;
    %cmp/u;
    %jmp/1 T_28.0, 6;
    %pushi/vec4 0, 0, 1;
    %store/vec4 v000002767a29d920_0, 0, 1;
    %jmp T_28.2;
T_28.0 ;
    %pushi/vec4 1, 0, 1;
    %store/vec4 v000002767a29d920_0, 0, 1;
    %jmp T_28.2;
T_28.2 ;
    %pop/vec4 1;
    %jmp T_28;
    .thread T_28, $push;
    .scope S_0000027679e820d0;
T_29 ;
    %wait E_000002767a23cc10;
    %load/vec4 v000002767a2a0bf0_0;
    %nor/r;
    %flag_set/vec4 8;
    %jmp/0xz  T_29.0, 8;
    %pushi/vec4 0, 0, 2;
    %assign/vec4 v000002767a29d380_0, 0;
    %pushi/vec4 0, 0, 14;
    %assign/vec4 v000002767a29ac90_0, 0;
    %pushi/vec4 0, 0, 14;
    %assign/vec4 v000002767a29b550_0, 0;
    %pushi/vec4 0, 0, 14;
    %assign/vec4 v000002767a29d4c0_0, 0;
    %jmp T_29.1;
T_29.0 ;
    %load/vec4 v000002767a2a14b0_0;
    %cmpi/e 2, 0, 3;
    %jmp/0xz  T_29.2, 4;
    %load/vec4 v000002767a29d380_0;
    %addi 1, 0, 2;
    %assign/vec4 v000002767a29d380_0, 0;
    %jmp T_29.3;
T_29.2 ;
    %pushi/vec4 0, 0, 2;
    %assign/vec4 v000002767a29d380_0, 0;
T_29.3 ;
T_29.1 ;
    %jmp T_29;
    .thread T_29;
    .scope S_0000027679e820d0;
T_30 ;
    %wait E_000002767a23cc10;
    %load/vec4 v000002767a2a0bf0_0;
    %nor/r;
    %flag_set/vec4 8;
    %jmp/0xz  T_30.0, 8;
    %pushi/vec4 0, 0, 14;
    %assign/vec4 v000002767a29b550_0, 0;
    %pushi/vec4 0, 0, 1;
    %assign/vec4 v000002767a29e3c0_0, 0;
    %jmp T_30.1;
T_30.0 ;
    %load/vec4 v000002767a2a14b0_0;
    %dup/vec4;
    %pushi/vec4 2, 0, 3;
    %cmp/u;
    %jmp/1 T_30.2, 6;
    %dup/vec4;
    %pushi/vec4 6, 0, 3;
    %cmp/u;
    %jmp/1 T_30.3, 6;
    %dup/vec4;
    %pushi/vec4 3, 0, 3;
    %cmp/u;
    %jmp/1 T_30.4, 6;
    %jmp T_30.5;
T_30.2 ;
    %pushi/vec4 0, 0, 1;
    %assign/vec4 v000002767a29e3c0_0, 0;
    %load/vec4 v000002767a29d380_0;
    %cmpi/e 1, 0, 2;
    %jmp/0xz  T_30.6, 4;
    %load/vec4 v000002767a29d6a0_0;
    %assign/vec4 v000002767a29b550_0, 0;
T_30.6 ;
    %jmp T_30.5;
T_30.3 ;
    %load/vec4 v000002767a29d100_0;
    %flag_set/vec4 8;
    %jmp/0xz  T_30.8, 8;
    %load/vec4 v000002767a29d920_0;
    %nor/r;
    %flag_set/vec4 8;
    %jmp/0xz  T_30.10, 8;
    %load/vec4 v000002767a29b550_0;
    %addi 1, 0, 14;
    %assign/vec4 v000002767a29b550_0, 0;
    %jmp T_30.11;
T_30.10 ;
    %load/vec4 v000002767a29e3c0_0;
    %inv;
    %assign/vec4 v000002767a29e3c0_0, 0;
    %load/vec4 v000002767a29e3c0_0;
    %flag_set/vec4 8;
    %jmp/0xz  T_30.12, 8;
    %load/vec4 v000002767a29b550_0;
    %addi 1, 0, 14;
    %assign/vec4 v000002767a29b550_0, 0;
T_30.12 ;
T_30.11 ;
T_30.8 ;
    %jmp T_30.5;
T_30.4 ;
    %load/vec4 v000002767a29b5f0_0;
    %assign/vec4 v000002767a29b550_0, 0;
    %pushi/vec4 0, 0, 1;
    %assign/vec4 v000002767a29e3c0_0, 0;
    %jmp T_30.5;
T_30.5 ;
    %pop/vec4 1;
T_30.1 ;
    %jmp T_30;
    .thread T_30;
    .scope S_0000027679e820d0;
T_31 ;
    %wait E_000002767a23cc10;
    %load/vec4 v000002767a2a0bf0_0;
    %nor/r;
    %flag_set/vec4 8;
    %jmp/0xz  T_31.0, 8;
    %pushi/vec4 0, 0, 14;
    %assign/vec4 v000002767a29ac90_0, 0;
    %jmp T_31.1;
T_31.0 ;
    %load/vec4 v000002767a2a14b0_0;
    %dup/vec4;
    %pushi/vec4 2, 0, 3;
    %cmp/u;
    %jmp/1 T_31.2, 6;
    %dup/vec4;
    %pushi/vec4 4, 0, 3;
    %cmp/u;
    %jmp/1 T_31.3, 6;
    %jmp T_31.4;
T_31.2 ;
    %load/vec4 v000002767a29d380_0;
    %cmpi/e 0, 0, 2;
    %jmp/0xz  T_31.5, 4;
    %load/vec4 v000002767a29d6a0_0;
    %assign/vec4 v000002767a29ac90_0, 0;
T_31.5 ;
    %jmp T_31.4;
T_31.3 ;
    %load/vec4 v000002767a29ac90_0;
    %addi 1, 0, 14;
    %assign/vec4 v000002767a29ac90_0, 0;
    %jmp T_31.4;
T_31.4 ;
    %pop/vec4 1;
T_31.1 ;
    %jmp T_31;
    .thread T_31;
    .scope S_0000027679e820d0;
T_32 ;
    %wait E_000002767a23cc10;
    %load/vec4 v000002767a2a0bf0_0;
    %nor/r;
    %flag_set/vec4 8;
    %jmp/0xz  T_32.0, 8;
    %pushi/vec4 0, 0, 14;
    %assign/vec4 v000002767a29d4c0_0, 0;
    %jmp T_32.1;
T_32.0 ;
    %load/vec4 v000002767a2a14b0_0;
    %dup/vec4;
    %pushi/vec4 2, 0, 3;
    %cmp/u;
    %jmp/1 T_32.2, 6;
    %dup/vec4;
    %pushi/vec4 6, 0, 3;
    %cmp/u;
    %jmp/1 T_32.3, 6;
    %dup/vec4;
    %pushi/vec4 5, 0, 3;
    %cmp/u;
    %jmp/1 T_32.4, 6;
    %dup/vec4;
    %pushi/vec4 3, 0, 3;
    %cmp/u;
    %jmp/1 T_32.5, 6;
    %jmp T_32.6;
T_32.2 ;
    %load/vec4 v000002767a29d380_0;
    %cmpi/e 2, 0, 2;
    %jmp/0xz  T_32.7, 4;
    %load/vec4 v000002767a29d6a0_0;
    %assign/vec4 v000002767a29d4c0_0, 0;
    %load/vec4 v000002767a29d6a0_0;
    %assign/vec4 v000002767a29d060_0, 0;
T_32.7 ;
    %jmp T_32.6;
T_32.3 ;
    %load/vec4 v000002767a29d100_0;
    %flag_set/vec4 8;
    %jmp/0xz  T_32.9, 8;
    %load/vec4 v000002767a29d4c0_0;
    %addi 1, 0, 14;
    %assign/vec4 v000002767a29d4c0_0, 0;
T_32.9 ;
    %jmp T_32.6;
T_32.4 ;
    %load/vec4 v000002767a29d060_0;
    %assign/vec4 v000002767a29d4c0_0, 0;
    %jmp T_32.6;
T_32.5 ;
    %load/vec4 v000002767a29d4c0_0;
    %assign/vec4 v000002767a29d060_0, 0;
    %jmp T_32.6;
T_32.6 ;
    %pop/vec4 1;
T_32.1 ;
    %jmp T_32;
    .thread T_32;
    .scope S_0000027679e820d0;
T_33 ;
    %wait E_000002767a23cc10;
    %load/vec4 v000002767a2a0bf0_0;
    %nor/r;
    %flag_set/vec4 8;
    %jmp/0xz  T_33.0, 8;
    %pushi/vec4 16383, 0, 14;
    %assign/vec4 v000002767a29e0a0_0, 0;
    %jmp T_33.1;
T_33.0 ;
    %load/vec4 v000002767a2a14b0_0;
    %cmpi/e 6, 0, 3;
    %jmp/0xz  T_33.2, 4;
    %load/vec4 v000002767a29d4c0_0;
    %parti/s 1, 13, 5;
    %load/vec4 v000002767a29d4c0_0;
    %parti/s 1, 12, 5;
    %inv;
    %concat/vec4; draw_concat_vec4
    %load/vec4 v000002767a29d4c0_0;
    %parti/s 12, 0, 2;
    %concat/vec4; draw_concat_vec4
    %assign/vec4 v000002767a29e0a0_0, 0;
T_33.2 ;
T_33.1 ;
    %jmp T_33;
    .thread T_33;
    .scope S_0000027679e820d0;
T_34 ;
    %wait E_000002767a23ce10;
    %load/vec4 v000002767a29ac90_0;
    %parti/s 2, 12, 5;
    %cmpi/e 0, 0, 2;
    %jmp/0xz  T_34.0, 4;
    %load/vec4 v000002767a29ac90_0;
    %parti/s 12, 0, 2;
    %store/vec4 v000002767a29e5a0_0, 0, 12;
    %jmp T_34.1;
T_34.0 ;
    %load/vec4 v000002767a29b550_0;
    %parti/s 2, 12, 5;
    %cmpi/e 0, 0, 2;
    %jmp/0xz  T_34.2, 4;
    %load/vec4 v000002767a29b550_0;
    %parti/s 12, 0, 2;
    %store/vec4 v000002767a29e5a0_0, 0, 12;
    %jmp T_34.3;
T_34.2 ;
    %load/vec4 v000002767a29d4c0_0;
    %parti/s 2, 12, 5;
    %cmpi/e 0, 0, 2;
    %jmp/0xz  T_34.4, 4;
    %load/vec4 v000002767a29d4c0_0;
    %parti/s 12, 0, 2;
    %store/vec4 v000002767a29e5a0_0, 0, 12;
    %jmp T_34.5;
T_34.4 ;
    %load/vec4 v000002767a29e0a0_0;
    %parti/s 12, 0, 2;
    %store/vec4 v000002767a29e5a0_0, 0, 12;
T_34.5 ;
T_34.3 ;
T_34.1 ;
    %jmp T_34;
    .thread T_34, $push;
    .scope S_0000027679e820d0;
T_35 ;
    %wait E_000002767a23ce10;
    %load/vec4 v000002767a29ac90_0;
    %parti/s 2, 12, 5;
    %cmpi/e 1, 0, 2;
    %jmp/0xz  T_35.0, 4;
    %load/vec4 v000002767a29ac90_0;
    %parti/s 12, 0, 2;
    %store/vec4 v000002767a29e280_0, 0, 12;
    %jmp T_35.1;
T_35.0 ;
    %load/vec4 v000002767a29b550_0;
    %parti/s 2, 12, 5;
    %cmpi/e 1, 0, 2;
    %jmp/0xz  T_35.2, 4;
    %load/vec4 v000002767a29b550_0;
    %parti/s 12, 0, 2;
    %store/vec4 v000002767a29e280_0, 0, 12;
    %jmp T_35.3;
T_35.2 ;
    %load/vec4 v000002767a29d4c0_0;
    %parti/s 2, 12, 5;
    %cmpi/e 1, 0, 2;
    %jmp/0xz  T_35.4, 4;
    %load/vec4 v000002767a29d4c0_0;
    %parti/s 12, 0, 2;
    %store/vec4 v000002767a29e280_0, 0, 12;
    %jmp T_35.5;
T_35.4 ;
    %load/vec4 v000002767a29e0a0_0;
    %parti/s 12, 0, 2;
    %store/vec4 v000002767a29e280_0, 0, 12;
T_35.5 ;
T_35.3 ;
T_35.1 ;
    %jmp T_35;
    .thread T_35, $push;
    .scope S_0000027679e820d0;
T_36 ;
    %wait E_000002767a23ce10;
    %load/vec4 v000002767a29ac90_0;
    %parti/s 2, 12, 5;
    %cmpi/e 2, 0, 2;
    %jmp/0xz  T_36.0, 4;
    %load/vec4 v000002767a29ac90_0;
    %parti/s 12, 0, 2;
    %store/vec4 v000002767a29ca20_0, 0, 12;
    %jmp T_36.1;
T_36.0 ;
    %load/vec4 v000002767a29b550_0;
    %parti/s 2, 12, 5;
    %cmpi/e 2, 0, 2;
    %jmp/0xz  T_36.2, 4;
    %load/vec4 v000002767a29b550_0;
    %parti/s 12, 0, 2;
    %store/vec4 v000002767a29ca20_0, 0, 12;
    %jmp T_36.3;
T_36.2 ;
    %load/vec4 v000002767a29d4c0_0;
    %parti/s 2, 12, 5;
    %cmpi/e 2, 0, 2;
    %jmp/0xz  T_36.4, 4;
    %load/vec4 v000002767a29d4c0_0;
    %parti/s 12, 0, 2;
    %store/vec4 v000002767a29ca20_0, 0, 12;
    %jmp T_36.5;
T_36.4 ;
    %load/vec4 v000002767a29e0a0_0;
    %parti/s 12, 0, 2;
    %store/vec4 v000002767a29ca20_0, 0, 12;
T_36.5 ;
T_36.3 ;
T_36.1 ;
    %jmp T_36;
    .thread T_36, $push;
    .scope S_0000027679e820d0;
T_37 ;
    %wait E_000002767a23ce10;
    %load/vec4 v000002767a29ac90_0;
    %parti/s 2, 12, 5;
    %cmpi/e 3, 0, 2;
    %jmp/0xz  T_37.0, 4;
    %load/vec4 v000002767a29ac90_0;
    %parti/s 12, 0, 2;
    %store/vec4 v000002767a29dce0_0, 0, 12;
    %jmp T_37.1;
T_37.0 ;
    %load/vec4 v000002767a29b550_0;
    %parti/s 2, 12, 5;
    %cmpi/e 3, 0, 2;
    %jmp/0xz  T_37.2, 4;
    %load/vec4 v000002767a29b550_0;
    %parti/s 12, 0, 2;
    %store/vec4 v000002767a29dce0_0, 0, 12;
    %jmp T_37.3;
T_37.2 ;
    %load/vec4 v000002767a29d4c0_0;
    %parti/s 2, 12, 5;
    %cmpi/e 3, 0, 2;
    %jmp/0xz  T_37.4, 4;
    %load/vec4 v000002767a29d4c0_0;
    %parti/s 12, 0, 2;
    %store/vec4 v000002767a29dce0_0, 0, 12;
    %jmp T_37.5;
T_37.4 ;
    %load/vec4 v000002767a29e0a0_0;
    %parti/s 12, 0, 2;
    %store/vec4 v000002767a29dce0_0, 0, 12;
T_37.5 ;
T_37.3 ;
T_37.1 ;
    %jmp T_37;
    .thread T_37, $push;
    .scope S_0000027679e820d0;
T_38 ;
    %wait E_000002767a23c810;
    %load/vec4 v000002767a29ac90_0;
    %parti/s 2, 12, 5;
    %dup/vec4;
    %pushi/vec4 0, 0, 2;
    %cmp/u;
    %jmp/1 T_38.0, 6;
    %dup/vec4;
    %pushi/vec4 1, 0, 2;
    %cmp/u;
    %jmp/1 T_38.1, 6;
    %dup/vec4;
    %pushi/vec4 2, 0, 2;
    %cmp/u;
    %jmp/1 T_38.2, 6;
    %dup/vec4;
    %pushi/vec4 3, 0, 2;
    %cmp/u;
    %jmp/1 T_38.3, 6;
    %jmp T_38.4;
T_38.0 ;
    %load/vec4 v000002767a29b370_0;
    %flag_set/vec4 8;
    %jmp/0xz  T_38.5, 8;
    %load/vec4 v000002767a29e460_0;
    %dup/vec4;
    %pushi/vec4 0, 0, 3;
    %cmp/u;
    %jmp/1 T_38.7, 6;
    %dup/vec4;
    %pushi/vec4 1, 0, 3;
    %cmp/u;
    %jmp/1 T_38.8, 6;
    %dup/vec4;
    %pushi/vec4 2, 0, 3;
    %cmp/u;
    %jmp/1 T_38.9, 6;
    %dup/vec4;
    %pushi/vec4 3, 0, 3;
    %cmp/u;
    %jmp/1 T_38.10, 6;
    %dup/vec4;
    %pushi/vec4 4, 0, 3;
    %cmp/u;
    %jmp/1 T_38.11, 6;
    %dup/vec4;
    %pushi/vec4 5, 0, 3;
    %cmp/u;
    %jmp/1 T_38.12, 6;
    %dup/vec4;
    %pushi/vec4 6, 0, 3;
    %cmp/u;
    %jmp/1 T_38.13, 6;
    %dup/vec4;
    %pushi/vec4 7, 0, 3;
    %cmp/u;
    %jmp/1 T_38.14, 6;
    %jmp T_38.15;
T_38.7 ;
    %load/vec4 v000002767a29d240_0;
    %parti/s 1, 7, 4;
    %replicate 8;
    %load/vec4 v000002767a29d240_0;
    %parti/s 8, 0, 2;
    %concat/vec4; draw_concat_vec4
    %store/vec4 v000002767a29ad30_0, 0, 16;
    %jmp T_38.15;
T_38.8 ;
    %load/vec4 v000002767a29d240_0;
    %parti/s 1, 15, 5;
    %replicate 8;
    %load/vec4 v000002767a29d240_0;
    %parti/s 8, 8, 5;
    %concat/vec4; draw_concat_vec4
    %store/vec4 v000002767a29ad30_0, 0, 16;
    %jmp T_38.15;
T_38.9 ;
    %load/vec4 v000002767a29d240_0;
    %parti/s 1, 23, 6;
    %replicate 8;
    %load/vec4 v000002767a29d240_0;
    %parti/s 8, 16, 6;
    %concat/vec4; draw_concat_vec4
    %store/vec4 v000002767a29ad30_0, 0, 16;
    %jmp T_38.15;
T_38.10 ;
    %load/vec4 v000002767a29d240_0;
    %parti/s 1, 31, 6;
    %replicate 8;
    %load/vec4 v000002767a29d240_0;
    %parti/s 8, 24, 6;
    %concat/vec4; draw_concat_vec4
    %store/vec4 v000002767a29ad30_0, 0, 16;
    %jmp T_38.15;
T_38.11 ;
    %load/vec4 v000002767a29d240_0;
    %parti/s 1, 24, 6;
    %replicate 8;
    %load/vec4 v000002767a29d240_0;
    %parti/s 8, 32, 7;
    %concat/vec4; draw_concat_vec4
    %store/vec4 v000002767a29ad30_0, 0, 16;
    %jmp T_38.15;
T_38.12 ;
    %load/vec4 v000002767a29d240_0;
    %parti/s 1, 47, 7;
    %replicate 8;
    %load/vec4 v000002767a29d240_0;
    %parti/s 8, 40, 7;
    %concat/vec4; draw_concat_vec4
    %store/vec4 v000002767a29ad30_0, 0, 16;
    %jmp T_38.15;
T_38.13 ;
    %load/vec4 v000002767a29d240_0;
    %parti/s 1, 55, 7;
    %replicate 8;
    %load/vec4 v000002767a29d240_0;
    %parti/s 8, 48, 7;
    %concat/vec4; draw_concat_vec4
    %store/vec4 v000002767a29ad30_0, 0, 16;
    %jmp T_38.15;
T_38.14 ;
    %load/vec4 v000002767a29d240_0;
    %parti/s 1, 63, 7;
    %replicate 8;
    %load/vec4 v000002767a29d240_0;
    %parti/s 8, 56, 7;
    %concat/vec4; draw_concat_vec4
    %store/vec4 v000002767a29ad30_0, 0, 16;
    %jmp T_38.15;
T_38.15 ;
    %pop/vec4 1;
    %jmp T_38.6;
T_38.5 ;
    %load/vec4 v000002767a29e460_0;
    %dup/vec4;
    %pushi/vec4 0, 0, 3;
    %cmp/u;
    %jmp/1 T_38.16, 6;
    %dup/vec4;
    %pushi/vec4 1, 0, 3;
    %cmp/u;
    %jmp/1 T_38.17, 6;
    %dup/vec4;
    %pushi/vec4 2, 0, 3;
    %cmp/u;
    %jmp/1 T_38.18, 6;
    %dup/vec4;
    %pushi/vec4 1, 0, 3;
    %cmp/u;
    %jmp/1 T_38.19, 6;
    %dup/vec4;
    %pushi/vec4 4, 0, 3;
    %cmp/u;
    %jmp/1 T_38.20, 6;
    %dup/vec4;
    %pushi/vec4 5, 0, 3;
    %cmp/u;
    %jmp/1 T_38.21, 6;
    %dup/vec4;
    %pushi/vec4 6, 0, 3;
    %cmp/u;
    %jmp/1 T_38.22, 6;
    %dup/vec4;
    %pushi/vec4 7, 0, 3;
    %cmp/u;
    %jmp/1 T_38.23, 6;
    %jmp T_38.24;
T_38.16 ;
    %load/vec4 v000002767a29d240_0;
    %parti/s 16, 0, 2;
    %store/vec4 v000002767a29ad30_0, 0, 16;
    %jmp T_38.24;
T_38.17 ;
    %load/vec4 v000002767a29d240_0;
    %parti/s 16, 16, 6;
    %store/vec4 v000002767a29ad30_0, 0, 16;
    %jmp T_38.24;
T_38.18 ;
    %load/vec4 v000002767a29d240_0;
    %parti/s 16, 32, 7;
    %store/vec4 v000002767a29ad30_0, 0, 16;
    %jmp T_38.24;
T_38.19 ;
    %load/vec4 v000002767a29d240_0;
    %parti/s 16, 48, 7;
    %store/vec4 v000002767a29ad30_0, 0, 16;
    %jmp T_38.24;
T_38.20 ;
    %load/vec4 v000002767a29d240_0;
    %parti/s 16, 0, 2;
    %store/vec4 v000002767a29ad30_0, 0, 16;
    %jmp T_38.24;
T_38.21 ;
    %load/vec4 v000002767a29d240_0;
    %parti/s 16, 16, 6;
    %store/vec4 v000002767a29ad30_0, 0, 16;
    %jmp T_38.24;
T_38.22 ;
    %load/vec4 v000002767a29d240_0;
    %parti/s 16, 32, 7;
    %store/vec4 v000002767a29ad30_0, 0, 16;
    %jmp T_38.24;
T_38.23 ;
    %load/vec4 v000002767a29d240_0;
    %parti/s 16, 48, 7;
    %store/vec4 v000002767a29ad30_0, 0, 16;
    %jmp T_38.24;
T_38.24 ;
    %pop/vec4 1;
T_38.6 ;
    %jmp T_38.4;
T_38.1 ;
    %load/vec4 v000002767a29b370_0;
    %flag_set/vec4 8;
    %jmp/0xz  T_38.25, 8;
    %load/vec4 v000002767a29e460_0;
    %dup/vec4;
    %pushi/vec4 0, 0, 3;
    %cmp/u;
    %jmp/1 T_38.27, 6;
    %dup/vec4;
    %pushi/vec4 1, 0, 3;
    %cmp/u;
    %jmp/1 T_38.28, 6;
    %dup/vec4;
    %pushi/vec4 2, 0, 3;
    %cmp/u;
    %jmp/1 T_38.29, 6;
    %dup/vec4;
    %pushi/vec4 3, 0, 3;
    %cmp/u;
    %jmp/1 T_38.30, 6;
    %dup/vec4;
    %pushi/vec4 4, 0, 3;
    %cmp/u;
    %jmp/1 T_38.31, 6;
    %dup/vec4;
    %pushi/vec4 5, 0, 3;
    %cmp/u;
    %jmp/1 T_38.32, 6;
    %dup/vec4;
    %pushi/vec4 6, 0, 3;
    %cmp/u;
    %jmp/1 T_38.33, 6;
    %dup/vec4;
    %pushi/vec4 7, 0, 3;
    %cmp/u;
    %jmp/1 T_38.34, 6;
    %jmp T_38.35;
T_38.27 ;
    %load/vec4 v000002767a29da60_0;
    %parti/s 1, 7, 4;
    %replicate 8;
    %load/vec4 v000002767a29da60_0;
    %parti/s 8, 0, 2;
    %concat/vec4; draw_concat_vec4
    %store/vec4 v000002767a29ad30_0, 0, 16;
    %jmp T_38.35;
T_38.28 ;
    %load/vec4 v000002767a29da60_0;
    %parti/s 1, 15, 5;
    %replicate 8;
    %load/vec4 v000002767a29da60_0;
    %parti/s 8, 8, 5;
    %concat/vec4; draw_concat_vec4
    %store/vec4 v000002767a29ad30_0, 0, 16;
    %jmp T_38.35;
T_38.29 ;
    %load/vec4 v000002767a29da60_0;
    %parti/s 1, 23, 6;
    %replicate 8;
    %load/vec4 v000002767a29da60_0;
    %parti/s 8, 16, 6;
    %concat/vec4; draw_concat_vec4
    %store/vec4 v000002767a29ad30_0, 0, 16;
    %jmp T_38.35;
T_38.30 ;
    %load/vec4 v000002767a29da60_0;
    %parti/s 1, 31, 6;
    %replicate 8;
    %load/vec4 v000002767a29da60_0;
    %parti/s 8, 24, 6;
    %concat/vec4; draw_concat_vec4
    %store/vec4 v000002767a29ad30_0, 0, 16;
    %jmp T_38.35;
T_38.31 ;
    %load/vec4 v000002767a29da60_0;
    %parti/s 1, 39, 7;
    %replicate 8;
    %load/vec4 v000002767a29da60_0;
    %parti/s 8, 32, 7;
    %concat/vec4; draw_concat_vec4
    %store/vec4 v000002767a29ad30_0, 0, 16;
    %jmp T_38.35;
T_38.32 ;
    %load/vec4 v000002767a29da60_0;
    %parti/s 1, 47, 7;
    %replicate 8;
    %load/vec4 v000002767a29da60_0;
    %parti/s 8, 40, 7;
    %concat/vec4; draw_concat_vec4
    %store/vec4 v000002767a29ad30_0, 0, 16;
    %jmp T_38.35;
T_38.33 ;
    %load/vec4 v000002767a29da60_0;
    %parti/s 1, 55, 7;
    %replicate 8;
    %load/vec4 v000002767a29da60_0;
    %parti/s 8, 48, 7;
    %concat/vec4; draw_concat_vec4
    %store/vec4 v000002767a29ad30_0, 0, 16;
    %jmp T_38.35;
T_38.34 ;
    %load/vec4 v000002767a29da60_0;
    %parti/s 1, 63, 7;
    %replicate 8;
    %load/vec4 v000002767a29da60_0;
    %parti/s 8, 56, 7;
    %concat/vec4; draw_concat_vec4
    %store/vec4 v000002767a29ad30_0, 0, 16;
    %jmp T_38.35;
T_38.35 ;
    %pop/vec4 1;
    %jmp T_38.26;
T_38.25 ;
    %load/vec4 v000002767a29e460_0;
    %dup/vec4;
    %pushi/vec4 0, 0, 3;
    %cmp/u;
    %jmp/1 T_38.36, 6;
    %dup/vec4;
    %pushi/vec4 1, 0, 3;
    %cmp/u;
    %jmp/1 T_38.37, 6;
    %dup/vec4;
    %pushi/vec4 2, 0, 3;
    %cmp/u;
    %jmp/1 T_38.38, 6;
    %dup/vec4;
    %pushi/vec4 1, 0, 3;
    %cmp/u;
    %jmp/1 T_38.39, 6;
    %dup/vec4;
    %pushi/vec4 4, 0, 3;
    %cmp/u;
    %jmp/1 T_38.40, 6;
    %dup/vec4;
    %pushi/vec4 5, 0, 3;
    %cmp/u;
    %jmp/1 T_38.41, 6;
    %dup/vec4;
    %pushi/vec4 6, 0, 3;
    %cmp/u;
    %jmp/1 T_38.42, 6;
    %dup/vec4;
    %pushi/vec4 7, 0, 3;
    %cmp/u;
    %jmp/1 T_38.43, 6;
    %jmp T_38.44;
T_38.36 ;
    %load/vec4 v000002767a29da60_0;
    %parti/s 16, 0, 2;
    %store/vec4 v000002767a29ad30_0, 0, 16;
    %jmp T_38.44;
T_38.37 ;
    %load/vec4 v000002767a29da60_0;
    %parti/s 16, 16, 6;
    %store/vec4 v000002767a29ad30_0, 0, 16;
    %jmp T_38.44;
T_38.38 ;
    %load/vec4 v000002767a29da60_0;
    %parti/s 16, 32, 7;
    %store/vec4 v000002767a29ad30_0, 0, 16;
    %jmp T_38.44;
T_38.39 ;
    %load/vec4 v000002767a29da60_0;
    %parti/s 16, 48, 7;
    %store/vec4 v000002767a29ad30_0, 0, 16;
    %jmp T_38.44;
T_38.40 ;
    %load/vec4 v000002767a29da60_0;
    %parti/s 16, 0, 2;
    %store/vec4 v000002767a29ad30_0, 0, 16;
    %jmp T_38.44;
T_38.41 ;
    %load/vec4 v000002767a29da60_0;
    %parti/s 16, 16, 6;
    %store/vec4 v000002767a29ad30_0, 0, 16;
    %jmp T_38.44;
T_38.42 ;
    %load/vec4 v000002767a29da60_0;
    %parti/s 16, 32, 7;
    %store/vec4 v000002767a29ad30_0, 0, 16;
    %jmp T_38.44;
T_38.43 ;
    %load/vec4 v000002767a29da60_0;
    %parti/s 16, 48, 7;
    %store/vec4 v000002767a29ad30_0, 0, 16;
    %jmp T_38.44;
T_38.44 ;
    %pop/vec4 1;
T_38.26 ;
    %jmp T_38.4;
T_38.2 ;
    %load/vec4 v000002767a29b370_0;
    %flag_set/vec4 8;
    %jmp/0xz  T_38.45, 8;
    %load/vec4 v000002767a29e460_0;
    %dup/vec4;
    %pushi/vec4 0, 0, 3;
    %cmp/u;
    %jmp/1 T_38.47, 6;
    %dup/vec4;
    %pushi/vec4 1, 0, 3;
    %cmp/u;
    %jmp/1 T_38.48, 6;
    %dup/vec4;
    %pushi/vec4 2, 0, 3;
    %cmp/u;
    %jmp/1 T_38.49, 6;
    %dup/vec4;
    %pushi/vec4 3, 0, 3;
    %cmp/u;
    %jmp/1 T_38.50, 6;
    %dup/vec4;
    %pushi/vec4 4, 0, 3;
    %cmp/u;
    %jmp/1 T_38.51, 6;
    %dup/vec4;
    %pushi/vec4 5, 0, 3;
    %cmp/u;
    %jmp/1 T_38.52, 6;
    %dup/vec4;
    %pushi/vec4 6, 0, 3;
    %cmp/u;
    %jmp/1 T_38.53, 6;
    %dup/vec4;
    %pushi/vec4 7, 0, 3;
    %cmp/u;
    %jmp/1 T_38.54, 6;
    %jmp T_38.55;
T_38.47 ;
    %load/vec4 v000002767a29c8e0_0;
    %parti/s 1, 7, 4;
    %replicate 8;
    %load/vec4 v000002767a29c8e0_0;
    %parti/s 8, 0, 2;
    %concat/vec4; draw_concat_vec4
    %store/vec4 v000002767a29ad30_0, 0, 16;
    %jmp T_38.55;
T_38.48 ;
    %load/vec4 v000002767a29c8e0_0;
    %parti/s 1, 15, 5;
    %replicate 8;
    %load/vec4 v000002767a29c8e0_0;
    %parti/s 8, 8, 5;
    %concat/vec4; draw_concat_vec4
    %store/vec4 v000002767a29ad30_0, 0, 16;
    %jmp T_38.55;
T_38.49 ;
    %load/vec4 v000002767a29c8e0_0;
    %parti/s 1, 23, 6;
    %replicate 8;
    %load/vec4 v000002767a29c8e0_0;
    %parti/s 8, 16, 6;
    %concat/vec4; draw_concat_vec4
    %store/vec4 v000002767a29ad30_0, 0, 16;
    %jmp T_38.55;
T_38.50 ;
    %load/vec4 v000002767a29c8e0_0;
    %parti/s 1, 31, 6;
    %replicate 8;
    %load/vec4 v000002767a29c8e0_0;
    %parti/s 8, 24, 6;
    %concat/vec4; draw_concat_vec4
    %store/vec4 v000002767a29ad30_0, 0, 16;
    %jmp T_38.55;
T_38.51 ;
    %load/vec4 v000002767a29c8e0_0;
    %parti/s 1, 24, 6;
    %replicate 8;
    %load/vec4 v000002767a29c8e0_0;
    %parti/s 8, 32, 7;
    %concat/vec4; draw_concat_vec4
    %store/vec4 v000002767a29ad30_0, 0, 16;
    %jmp T_38.55;
T_38.52 ;
    %load/vec4 v000002767a29c8e0_0;
    %parti/s 1, 47, 7;
    %replicate 8;
    %load/vec4 v000002767a29c8e0_0;
    %parti/s 8, 40, 7;
    %concat/vec4; draw_concat_vec4
    %store/vec4 v000002767a29ad30_0, 0, 16;
    %jmp T_38.55;
T_38.53 ;
    %load/vec4 v000002767a29c8e0_0;
    %parti/s 1, 55, 7;
    %replicate 8;
    %load/vec4 v000002767a29c8e0_0;
    %parti/s 8, 48, 7;
    %concat/vec4; draw_concat_vec4
    %store/vec4 v000002767a29ad30_0, 0, 16;
    %jmp T_38.55;
T_38.54 ;
    %load/vec4 v000002767a29c8e0_0;
    %parti/s 1, 63, 7;
    %replicate 8;
    %load/vec4 v000002767a29c8e0_0;
    %parti/s 8, 56, 7;
    %concat/vec4; draw_concat_vec4
    %store/vec4 v000002767a29ad30_0, 0, 16;
    %jmp T_38.55;
T_38.55 ;
    %pop/vec4 1;
    %jmp T_38.46;
T_38.45 ;
    %load/vec4 v000002767a29e460_0;
    %dup/vec4;
    %pushi/vec4 0, 0, 3;
    %cmp/u;
    %jmp/1 T_38.56, 6;
    %dup/vec4;
    %pushi/vec4 1, 0, 3;
    %cmp/u;
    %jmp/1 T_38.57, 6;
    %dup/vec4;
    %pushi/vec4 2, 0, 3;
    %cmp/u;
    %jmp/1 T_38.58, 6;
    %dup/vec4;
    %pushi/vec4 1, 0, 3;
    %cmp/u;
    %jmp/1 T_38.59, 6;
    %dup/vec4;
    %pushi/vec4 4, 0, 3;
    %cmp/u;
    %jmp/1 T_38.60, 6;
    %dup/vec4;
    %pushi/vec4 5, 0, 3;
    %cmp/u;
    %jmp/1 T_38.61, 6;
    %dup/vec4;
    %pushi/vec4 6, 0, 3;
    %cmp/u;
    %jmp/1 T_38.62, 6;
    %dup/vec4;
    %pushi/vec4 7, 0, 3;
    %cmp/u;
    %jmp/1 T_38.63, 6;
    %jmp T_38.64;
T_38.56 ;
    %load/vec4 v000002767a29c8e0_0;
    %parti/s 16, 0, 2;
    %store/vec4 v000002767a29ad30_0, 0, 16;
    %jmp T_38.64;
T_38.57 ;
    %load/vec4 v000002767a29c8e0_0;
    %parti/s 16, 16, 6;
    %store/vec4 v000002767a29ad30_0, 0, 16;
    %jmp T_38.64;
T_38.58 ;
    %load/vec4 v000002767a29c8e0_0;
    %parti/s 16, 32, 7;
    %store/vec4 v000002767a29ad30_0, 0, 16;
    %jmp T_38.64;
T_38.59 ;
    %load/vec4 v000002767a29c8e0_0;
    %parti/s 16, 48, 7;
    %store/vec4 v000002767a29ad30_0, 0, 16;
    %jmp T_38.64;
T_38.60 ;
    %load/vec4 v000002767a29c8e0_0;
    %parti/s 16, 0, 2;
    %store/vec4 v000002767a29ad30_0, 0, 16;
    %jmp T_38.64;
T_38.61 ;
    %load/vec4 v000002767a29c8e0_0;
    %parti/s 16, 16, 6;
    %store/vec4 v000002767a29ad30_0, 0, 16;
    %jmp T_38.64;
T_38.62 ;
    %load/vec4 v000002767a29c8e0_0;
    %parti/s 16, 32, 7;
    %store/vec4 v000002767a29ad30_0, 0, 16;
    %jmp T_38.64;
T_38.63 ;
    %load/vec4 v000002767a29c8e0_0;
    %parti/s 16, 48, 7;
    %store/vec4 v000002767a29ad30_0, 0, 16;
    %jmp T_38.64;
T_38.64 ;
    %pop/vec4 1;
T_38.46 ;
    %jmp T_38.4;
T_38.3 ;
    %load/vec4 v000002767a29b370_0;
    %flag_set/vec4 8;
    %jmp/0xz  T_38.65, 8;
    %load/vec4 v000002767a29e460_0;
    %dup/vec4;
    %pushi/vec4 0, 0, 3;
    %cmp/u;
    %jmp/1 T_38.67, 6;
    %dup/vec4;
    %pushi/vec4 1, 0, 3;
    %cmp/u;
    %jmp/1 T_38.68, 6;
    %dup/vec4;
    %pushi/vec4 2, 0, 3;
    %cmp/u;
    %jmp/1 T_38.69, 6;
    %dup/vec4;
    %pushi/vec4 3, 0, 3;
    %cmp/u;
    %jmp/1 T_38.70, 6;
    %dup/vec4;
    %pushi/vec4 4, 0, 3;
    %cmp/u;
    %jmp/1 T_38.71, 6;
    %dup/vec4;
    %pushi/vec4 5, 0, 3;
    %cmp/u;
    %jmp/1 T_38.72, 6;
    %dup/vec4;
    %pushi/vec4 6, 0, 3;
    %cmp/u;
    %jmp/1 T_38.73, 6;
    %dup/vec4;
    %pushi/vec4 7, 0, 3;
    %cmp/u;
    %jmp/1 T_38.74, 6;
    %jmp T_38.75;
T_38.67 ;
    %load/vec4 v000002767a29cac0_0;
    %parti/s 1, 7, 4;
    %replicate 8;
    %load/vec4 v000002767a29cac0_0;
    %parti/s 8, 0, 2;
    %concat/vec4; draw_concat_vec4
    %store/vec4 v000002767a29ad30_0, 0, 16;
    %jmp T_38.75;
T_38.68 ;
    %load/vec4 v000002767a29cac0_0;
    %parti/s 1, 15, 5;
    %replicate 8;
    %load/vec4 v000002767a29cac0_0;
    %parti/s 8, 8, 5;
    %concat/vec4; draw_concat_vec4
    %store/vec4 v000002767a29ad30_0, 0, 16;
    %jmp T_38.75;
T_38.69 ;
    %load/vec4 v000002767a29cac0_0;
    %parti/s 1, 23, 6;
    %replicate 8;
    %load/vec4 v000002767a29cac0_0;
    %parti/s 8, 16, 6;
    %concat/vec4; draw_concat_vec4
    %store/vec4 v000002767a29ad30_0, 0, 16;
    %jmp T_38.75;
T_38.70 ;
    %load/vec4 v000002767a29cac0_0;
    %parti/s 1, 31, 6;
    %replicate 8;
    %load/vec4 v000002767a29cac0_0;
    %parti/s 8, 24, 6;
    %concat/vec4; draw_concat_vec4
    %store/vec4 v000002767a29ad30_0, 0, 16;
    %jmp T_38.75;
T_38.71 ;
    %load/vec4 v000002767a29cac0_0;
    %parti/s 1, 24, 6;
    %replicate 8;
    %load/vec4 v000002767a29cac0_0;
    %parti/s 8, 32, 7;
    %concat/vec4; draw_concat_vec4
    %store/vec4 v000002767a29ad30_0, 0, 16;
    %jmp T_38.75;
T_38.72 ;
    %load/vec4 v000002767a29cac0_0;
    %parti/s 1, 47, 7;
    %replicate 8;
    %load/vec4 v000002767a29cac0_0;
    %parti/s 8, 40, 7;
    %concat/vec4; draw_concat_vec4
    %store/vec4 v000002767a29ad30_0, 0, 16;
    %jmp T_38.75;
T_38.73 ;
    %load/vec4 v000002767a29cac0_0;
    %parti/s 1, 55, 7;
    %replicate 8;
    %load/vec4 v000002767a29cac0_0;
    %parti/s 8, 48, 7;
    %concat/vec4; draw_concat_vec4
    %store/vec4 v000002767a29ad30_0, 0, 16;
    %jmp T_38.75;
T_38.74 ;
    %load/vec4 v000002767a29cac0_0;
    %parti/s 1, 63, 7;
    %replicate 8;
    %load/vec4 v000002767a29cac0_0;
    %parti/s 8, 56, 7;
    %concat/vec4; draw_concat_vec4
    %store/vec4 v000002767a29ad30_0, 0, 16;
    %jmp T_38.75;
T_38.75 ;
    %pop/vec4 1;
    %jmp T_38.66;
T_38.65 ;
    %load/vec4 v000002767a29e460_0;
    %dup/vec4;
    %pushi/vec4 0, 0, 3;
    %cmp/u;
    %jmp/1 T_38.76, 6;
    %dup/vec4;
    %pushi/vec4 1, 0, 3;
    %cmp/u;
    %jmp/1 T_38.77, 6;
    %dup/vec4;
    %pushi/vec4 2, 0, 3;
    %cmp/u;
    %jmp/1 T_38.78, 6;
    %dup/vec4;
    %pushi/vec4 1, 0, 3;
    %cmp/u;
    %jmp/1 T_38.79, 6;
    %dup/vec4;
    %pushi/vec4 4, 0, 3;
    %cmp/u;
    %jmp/1 T_38.80, 6;
    %dup/vec4;
    %pushi/vec4 5, 0, 3;
    %cmp/u;
    %jmp/1 T_38.81, 6;
    %dup/vec4;
    %pushi/vec4 6, 0, 3;
    %cmp/u;
    %jmp/1 T_38.82, 6;
    %dup/vec4;
    %pushi/vec4 7, 0, 3;
    %cmp/u;
    %jmp/1 T_38.83, 6;
    %jmp T_38.84;
T_38.76 ;
    %load/vec4 v000002767a29cac0_0;
    %parti/s 16, 0, 2;
    %store/vec4 v000002767a29ad30_0, 0, 16;
    %jmp T_38.84;
T_38.77 ;
    %load/vec4 v000002767a29cac0_0;
    %parti/s 16, 16, 6;
    %store/vec4 v000002767a29ad30_0, 0, 16;
    %jmp T_38.84;
T_38.78 ;
    %load/vec4 v000002767a29cac0_0;
    %parti/s 16, 32, 7;
    %store/vec4 v000002767a29ad30_0, 0, 16;
    %jmp T_38.84;
T_38.79 ;
    %load/vec4 v000002767a29cac0_0;
    %parti/s 16, 48, 7;
    %store/vec4 v000002767a29ad30_0, 0, 16;
    %jmp T_38.84;
T_38.80 ;
    %load/vec4 v000002767a29cac0_0;
    %parti/s 16, 0, 2;
    %store/vec4 v000002767a29ad30_0, 0, 16;
    %jmp T_38.84;
T_38.81 ;
    %load/vec4 v000002767a29cac0_0;
    %parti/s 16, 16, 6;
    %store/vec4 v000002767a29ad30_0, 0, 16;
    %jmp T_38.84;
T_38.82 ;
    %load/vec4 v000002767a29cac0_0;
    %parti/s 16, 32, 7;
    %store/vec4 v000002767a29ad30_0, 0, 16;
    %jmp T_38.84;
T_38.83 ;
    %load/vec4 v000002767a29cac0_0;
    %parti/s 16, 48, 7;
    %store/vec4 v000002767a29ad30_0, 0, 16;
    %jmp T_38.84;
T_38.84 ;
    %pop/vec4 1;
T_38.66 ;
    %jmp T_38.4;
T_38.4 ;
    %pop/vec4 1;
    %jmp T_38;
    .thread T_38, $push;
    .scope S_0000027679e820d0;
T_39 ;
    %wait E_000002767a23c410;
    %load/vec4 v000002767a29b550_0;
    %parti/s 2, 12, 5;
    %dup/vec4;
    %pushi/vec4 0, 0, 2;
    %cmp/u;
    %jmp/1 T_39.0, 6;
    %dup/vec4;
    %pushi/vec4 1, 0, 2;
    %cmp/u;
    %jmp/1 T_39.1, 6;
    %dup/vec4;
    %pushi/vec4 2, 0, 2;
    %cmp/u;
    %jmp/1 T_39.2, 6;
    %dup/vec4;
    %pushi/vec4 3, 0, 2;
    %cmp/u;
    %jmp/1 T_39.3, 6;
    %jmp T_39.4;
T_39.0 ;
    %load/vec4 v000002767a29d920_0;
    %flag_set/vec4 8;
    %jmp/0xz  T_39.5, 8;
    %load/vec4 v000002767a29e3c0_0;
    %nor/r;
    %flag_set/vec4 8;
    %jmp/0xz  T_39.7, 8;
    %load/vec4 v000002767a29d240_0;
    %parti/s 1, 7, 4;
    %replicate 8;
    %load/vec4 v000002767a29d240_0;
    %parti/s 8, 0, 2;
    %concat/vec4; draw_concat_vec4
    %store/vec4 v000002767a20a650_0, 0, 16;
    %load/vec4 v000002767a29d240_0;
    %parti/s 1, 15, 5;
    %replicate 8;
    %load/vec4 v000002767a29d240_0;
    %parti/s 8, 8, 5;
    %concat/vec4; draw_concat_vec4
    %store/vec4 v000002767a29e1e0_0, 0, 16;
    %load/vec4 v000002767a29d240_0;
    %parti/s 1, 23, 6;
    %replicate 8;
    %load/vec4 v000002767a29d240_0;
    %parti/s 8, 16, 6;
    %concat/vec4; draw_concat_vec4
    %store/vec4 v000002767a29cf20_0, 0, 16;
    %load/vec4 v000002767a29d240_0;
    %parti/s 1, 31, 6;
    %replicate 8;
    %load/vec4 v000002767a29d240_0;
    %parti/s 8, 24, 6;
    %concat/vec4; draw_concat_vec4
    %store/vec4 v000002767a29d7e0_0, 0, 16;
    %jmp T_39.8;
T_39.7 ;
    %load/vec4 v000002767a29d240_0;
    %parti/s 1, 39, 7;
    %replicate 8;
    %load/vec4 v000002767a29d240_0;
    %parti/s 8, 32, 7;
    %concat/vec4; draw_concat_vec4
    %store/vec4 v000002767a20a650_0, 0, 16;
    %load/vec4 v000002767a29d240_0;
    %parti/s 1, 47, 7;
    %replicate 8;
    %load/vec4 v000002767a29d240_0;
    %parti/s 8, 40, 7;
    %concat/vec4; draw_concat_vec4
    %store/vec4 v000002767a29e1e0_0, 0, 16;
    %load/vec4 v000002767a29d240_0;
    %parti/s 1, 55, 7;
    %replicate 8;
    %load/vec4 v000002767a29d240_0;
    %parti/s 8, 48, 7;
    %concat/vec4; draw_concat_vec4
    %store/vec4 v000002767a29cf20_0, 0, 16;
    %load/vec4 v000002767a29d240_0;
    %parti/s 1, 63, 7;
    %replicate 8;
    %load/vec4 v000002767a29d240_0;
    %parti/s 8, 56, 7;
    %concat/vec4; draw_concat_vec4
    %store/vec4 v000002767a29d7e0_0, 0, 16;
T_39.8 ;
    %jmp T_39.6;
T_39.5 ;
    %load/vec4 v000002767a29d240_0;
    %parti/s 16, 0, 2;
    %store/vec4 v000002767a20a650_0, 0, 16;
    %load/vec4 v000002767a29d240_0;
    %parti/s 16, 16, 6;
    %store/vec4 v000002767a29e1e0_0, 0, 16;
    %load/vec4 v000002767a29d240_0;
    %parti/s 16, 32, 7;
    %store/vec4 v000002767a29cf20_0, 0, 16;
    %load/vec4 v000002767a29d240_0;
    %parti/s 16, 48, 7;
    %store/vec4 v000002767a29d7e0_0, 0, 16;
T_39.6 ;
    %jmp T_39.4;
T_39.1 ;
    %load/vec4 v000002767a29d920_0;
    %flag_set/vec4 8;
    %jmp/0xz  T_39.9, 8;
    %load/vec4 v000002767a29e3c0_0;
    %nor/r;
    %flag_set/vec4 8;
    %jmp/0xz  T_39.11, 8;
    %load/vec4 v000002767a29da60_0;
    %parti/s 1, 7, 4;
    %replicate 8;
    %load/vec4 v000002767a29da60_0;
    %parti/s 8, 0, 2;
    %concat/vec4; draw_concat_vec4
    %store/vec4 v000002767a20a650_0, 0, 16;
    %load/vec4 v000002767a29da60_0;
    %parti/s 1, 15, 5;
    %replicate 8;
    %load/vec4 v000002767a29da60_0;
    %parti/s 8, 8, 5;
    %concat/vec4; draw_concat_vec4
    %store/vec4 v000002767a29e1e0_0, 0, 16;
    %load/vec4 v000002767a29da60_0;
    %parti/s 1, 23, 6;
    %replicate 8;
    %load/vec4 v000002767a29da60_0;
    %parti/s 8, 16, 6;
    %concat/vec4; draw_concat_vec4
    %store/vec4 v000002767a29cf20_0, 0, 16;
    %load/vec4 v000002767a29da60_0;
    %parti/s 1, 31, 6;
    %replicate 8;
    %load/vec4 v000002767a29da60_0;
    %parti/s 8, 24, 6;
    %concat/vec4; draw_concat_vec4
    %store/vec4 v000002767a29d7e0_0, 0, 16;
    %jmp T_39.12;
T_39.11 ;
    %load/vec4 v000002767a29da60_0;
    %parti/s 1, 39, 7;
    %replicate 8;
    %load/vec4 v000002767a29da60_0;
    %parti/s 8, 32, 7;
    %concat/vec4; draw_concat_vec4
    %store/vec4 v000002767a20a650_0, 0, 16;
    %load/vec4 v000002767a29da60_0;
    %parti/s 1, 47, 7;
    %replicate 8;
    %load/vec4 v000002767a29da60_0;
    %parti/s 8, 40, 7;
    %concat/vec4; draw_concat_vec4
    %store/vec4 v000002767a29e1e0_0, 0, 16;
    %load/vec4 v000002767a29da60_0;
    %parti/s 1, 55, 7;
    %replicate 8;
    %load/vec4 v000002767a29da60_0;
    %parti/s 8, 48, 7;
    %concat/vec4; draw_concat_vec4
    %store/vec4 v000002767a29cf20_0, 0, 16;
    %load/vec4 v000002767a29da60_0;
    %parti/s 1, 63, 7;
    %replicate 8;
    %load/vec4 v000002767a29da60_0;
    %parti/s 8, 56, 7;
    %concat/vec4; draw_concat_vec4
    %store/vec4 v000002767a29d7e0_0, 0, 16;
T_39.12 ;
    %jmp T_39.10;
T_39.9 ;
    %load/vec4 v000002767a29da60_0;
    %parti/s 16, 0, 2;
    %store/vec4 v000002767a20a650_0, 0, 16;
    %load/vec4 v000002767a29da60_0;
    %parti/s 16, 16, 6;
    %store/vec4 v000002767a29e1e0_0, 0, 16;
    %load/vec4 v000002767a29da60_0;
    %parti/s 16, 32, 7;
    %store/vec4 v000002767a29cf20_0, 0, 16;
    %load/vec4 v000002767a29da60_0;
    %parti/s 16, 48, 7;
    %store/vec4 v000002767a29d7e0_0, 0, 16;
T_39.10 ;
    %jmp T_39.4;
T_39.2 ;
    %load/vec4 v000002767a29d920_0;
    %flag_set/vec4 8;
    %jmp/0xz  T_39.13, 8;
    %load/vec4 v000002767a29e3c0_0;
    %nor/r;
    %flag_set/vec4 8;
    %jmp/0xz  T_39.15, 8;
    %load/vec4 v000002767a29c8e0_0;
    %parti/s 1, 7, 4;
    %replicate 8;
    %load/vec4 v000002767a29c8e0_0;
    %parti/s 8, 0, 2;
    %concat/vec4; draw_concat_vec4
    %store/vec4 v000002767a20a650_0, 0, 16;
    %load/vec4 v000002767a29c8e0_0;
    %parti/s 1, 15, 5;
    %replicate 8;
    %load/vec4 v000002767a29c8e0_0;
    %parti/s 8, 8, 5;
    %concat/vec4; draw_concat_vec4
    %store/vec4 v000002767a29e1e0_0, 0, 16;
    %load/vec4 v000002767a29c8e0_0;
    %parti/s 1, 23, 6;
    %replicate 8;
    %load/vec4 v000002767a29c8e0_0;
    %parti/s 8, 16, 6;
    %concat/vec4; draw_concat_vec4
    %store/vec4 v000002767a29cf20_0, 0, 16;
    %load/vec4 v000002767a29c8e0_0;
    %parti/s 1, 31, 6;
    %replicate 8;
    %load/vec4 v000002767a29c8e0_0;
    %parti/s 8, 24, 6;
    %concat/vec4; draw_concat_vec4
    %store/vec4 v000002767a29d7e0_0, 0, 16;
    %jmp T_39.16;
T_39.15 ;
    %load/vec4 v000002767a29c8e0_0;
    %parti/s 1, 39, 7;
    %replicate 8;
    %load/vec4 v000002767a29c8e0_0;
    %parti/s 8, 32, 7;
    %concat/vec4; draw_concat_vec4
    %store/vec4 v000002767a20a650_0, 0, 16;
    %load/vec4 v000002767a29c8e0_0;
    %parti/s 1, 47, 7;
    %replicate 8;
    %load/vec4 v000002767a29c8e0_0;
    %parti/s 8, 40, 7;
    %concat/vec4; draw_concat_vec4
    %store/vec4 v000002767a29e1e0_0, 0, 16;
    %load/vec4 v000002767a29c8e0_0;
    %parti/s 1, 55, 7;
    %replicate 8;
    %load/vec4 v000002767a29c8e0_0;
    %parti/s 8, 48, 7;
    %concat/vec4; draw_concat_vec4
    %store/vec4 v000002767a29cf20_0, 0, 16;
    %load/vec4 v000002767a29c8e0_0;
    %parti/s 1, 63, 7;
    %replicate 8;
    %load/vec4 v000002767a29c8e0_0;
    %parti/s 8, 56, 7;
    %concat/vec4; draw_concat_vec4
    %store/vec4 v000002767a29d7e0_0, 0, 16;
T_39.16 ;
    %jmp T_39.14;
T_39.13 ;
    %load/vec4 v000002767a29c8e0_0;
    %parti/s 16, 0, 2;
    %store/vec4 v000002767a20a650_0, 0, 16;
    %load/vec4 v000002767a29c8e0_0;
    %parti/s 16, 16, 6;
    %store/vec4 v000002767a29e1e0_0, 0, 16;
    %load/vec4 v000002767a29c8e0_0;
    %parti/s 16, 32, 7;
    %store/vec4 v000002767a29cf20_0, 0, 16;
    %load/vec4 v000002767a29c8e0_0;
    %parti/s 16, 48, 7;
    %store/vec4 v000002767a29d7e0_0, 0, 16;
T_39.14 ;
    %jmp T_39.4;
T_39.3 ;
    %load/vec4 v000002767a29d920_0;
    %flag_set/vec4 8;
    %jmp/0xz  T_39.17, 8;
    %load/vec4 v000002767a29e3c0_0;
    %nor/r;
    %flag_set/vec4 8;
    %jmp/0xz  T_39.19, 8;
    %load/vec4 v000002767a29cac0_0;
    %parti/s 1, 7, 4;
    %replicate 8;
    %load/vec4 v000002767a29cac0_0;
    %parti/s 8, 0, 2;
    %concat/vec4; draw_concat_vec4
    %store/vec4 v000002767a20a650_0, 0, 16;
    %load/vec4 v000002767a29cac0_0;
    %parti/s 1, 15, 5;
    %replicate 8;
    %load/vec4 v000002767a29cac0_0;
    %parti/s 8, 8, 5;
    %concat/vec4; draw_concat_vec4
    %store/vec4 v000002767a29e1e0_0, 0, 16;
    %load/vec4 v000002767a29cac0_0;
    %parti/s 1, 23, 6;
    %replicate 8;
    %load/vec4 v000002767a29cac0_0;
    %parti/s 8, 16, 6;
    %concat/vec4; draw_concat_vec4
    %store/vec4 v000002767a29cf20_0, 0, 16;
    %load/vec4 v000002767a29cac0_0;
    %parti/s 1, 31, 6;
    %replicate 8;
    %load/vec4 v000002767a29cac0_0;
    %parti/s 8, 24, 6;
    %concat/vec4; draw_concat_vec4
    %store/vec4 v000002767a29d7e0_0, 0, 16;
    %jmp T_39.20;
T_39.19 ;
    %load/vec4 v000002767a29cac0_0;
    %parti/s 1, 39, 7;
    %replicate 8;
    %load/vec4 v000002767a29cac0_0;
    %parti/s 8, 32, 7;
    %concat/vec4; draw_concat_vec4
    %store/vec4 v000002767a20a650_0, 0, 16;
    %load/vec4 v000002767a29cac0_0;
    %parti/s 1, 47, 7;
    %replicate 8;
    %load/vec4 v000002767a29cac0_0;
    %parti/s 8, 40, 7;
    %concat/vec4; draw_concat_vec4
    %store/vec4 v000002767a29e1e0_0, 0, 16;
    %load/vec4 v000002767a29cac0_0;
    %parti/s 1, 55, 7;
    %replicate 8;
    %load/vec4 v000002767a29cac0_0;
    %parti/s 8, 48, 7;
    %concat/vec4; draw_concat_vec4
    %store/vec4 v000002767a29cf20_0, 0, 16;
    %load/vec4 v000002767a29cac0_0;
    %parti/s 1, 63, 7;
    %replicate 8;
    %load/vec4 v000002767a29cac0_0;
    %parti/s 8, 56, 7;
    %concat/vec4; draw_concat_vec4
    %store/vec4 v000002767a29d7e0_0, 0, 16;
T_39.20 ;
    %jmp T_39.18;
T_39.17 ;
    %load/vec4 v000002767a29cac0_0;
    %parti/s 16, 0, 2;
    %store/vec4 v000002767a20a650_0, 0, 16;
    %load/vec4 v000002767a29cac0_0;
    %parti/s 16, 16, 6;
    %store/vec4 v000002767a29e1e0_0, 0, 16;
    %load/vec4 v000002767a29cac0_0;
    %parti/s 16, 32, 7;
    %store/vec4 v000002767a29cf20_0, 0, 16;
    %load/vec4 v000002767a29cac0_0;
    %parti/s 16, 48, 7;
    %store/vec4 v000002767a29d7e0_0, 0, 16;
T_39.18 ;
    %jmp T_39.4;
T_39.4 ;
    %pop/vec4 1;
    %jmp T_39;
    .thread T_39, $push;
    .scope S_0000027679e820d0;
T_40 ;
    %wait E_000002767a23cbd0;
    %load/vec4 v000002767a29d4c0_0;
    %parti/s 2, 12, 5;
    %dup/vec4;
    %pushi/vec4 0, 0, 2;
    %cmp/u;
    %jmp/1 T_40.0, 6;
    %dup/vec4;
    %pushi/vec4 1, 0, 2;
    %cmp/u;
    %jmp/1 T_40.1, 6;
    %dup/vec4;
    %pushi/vec4 2, 0, 2;
    %cmp/u;
    %jmp/1 T_40.2, 6;
    %dup/vec4;
    %pushi/vec4 3, 0, 2;
    %cmp/u;
    %jmp/1 T_40.3, 6;
    %jmp T_40.4;
T_40.0 ;
    %load/vec4 v000002767a29d240_0;
    %parti/s 16, 0, 2;
    %store/vec4 v000002767a29d880_0, 0, 16;
    %load/vec4 v000002767a29d240_0;
    %parti/s 16, 16, 6;
    %store/vec4 v000002767a29dd80_0, 0, 16;
    %load/vec4 v000002767a29d240_0;
    %parti/s 16, 32, 7;
    %store/vec4 v000002767a29cfc0_0, 0, 16;
    %load/vec4 v000002767a29d240_0;
    %parti/s 16, 48, 7;
    %store/vec4 v000002767a29e640_0, 0, 16;
    %jmp T_40.4;
T_40.1 ;
    %load/vec4 v000002767a29da60_0;
    %parti/s 16, 0, 2;
    %store/vec4 v000002767a29d880_0, 0, 16;
    %load/vec4 v000002767a29da60_0;
    %parti/s 16, 16, 6;
    %store/vec4 v000002767a29dd80_0, 0, 16;
    %load/vec4 v000002767a29da60_0;
    %parti/s 16, 32, 7;
    %store/vec4 v000002767a29cfc0_0, 0, 16;
    %load/vec4 v000002767a29da60_0;
    %parti/s 16, 48, 7;
    %store/vec4 v000002767a29e640_0, 0, 16;
    %jmp T_40.4;
T_40.2 ;
    %load/vec4 v000002767a29c8e0_0;
    %parti/s 16, 0, 2;
    %store/vec4 v000002767a29d880_0, 0, 16;
    %load/vec4 v000002767a29c8e0_0;
    %parti/s 16, 16, 6;
    %store/vec4 v000002767a29dd80_0, 0, 16;
    %load/vec4 v000002767a29c8e0_0;
    %parti/s 16, 32, 7;
    %store/vec4 v000002767a29cfc0_0, 0, 16;
    %load/vec4 v000002767a29c8e0_0;
    %parti/s 16, 48, 7;
    %store/vec4 v000002767a29e640_0, 0, 16;
    %jmp T_40.4;
T_40.3 ;
    %load/vec4 v000002767a29cac0_0;
    %parti/s 16, 0, 2;
    %store/vec4 v000002767a29d880_0, 0, 16;
    %load/vec4 v000002767a29cac0_0;
    %parti/s 16, 16, 6;
    %store/vec4 v000002767a29dd80_0, 0, 16;
    %load/vec4 v000002767a29cac0_0;
    %parti/s 16, 32, 7;
    %store/vec4 v000002767a29cfc0_0, 0, 16;
    %load/vec4 v000002767a29cac0_0;
    %parti/s 16, 48, 7;
    %store/vec4 v000002767a29e640_0, 0, 16;
    %jmp T_40.4;
T_40.4 ;
    %pop/vec4 1;
    %jmp T_40;
    .thread T_40, $push;
    .scope S_0000027679e820d0;
T_41 ;
    %wait E_000002767a23ce90;
    %load/vec4 v000002767a29e0a0_0;
    %parti/s 2, 12, 5;
    %pushi/vec4 0, 0, 2;
    %cmp/e;
    %flag_get/vec4 4;
    %load/vec4 v000002767a2a14b0_0;
    %pushi/vec4 6, 0, 3;
    %cmp/e;
    %flag_get/vec4 4;
    %and;
    %flag_set/vec4 8;
    %jmp/0xz  T_41.0, 8;
    %pushi/vec4 1, 0, 1;
    %store/vec4 v000002767a29db00_0, 0, 1;
    %jmp T_41.1;
T_41.0 ;
    %pushi/vec4 0, 0, 1;
    %store/vec4 v000002767a29db00_0, 0, 1;
T_41.1 ;
    %jmp T_41;
    .thread T_41, $push;
    .scope S_0000027679e820d0;
T_42 ;
    %wait E_000002767a23ce90;
    %load/vec4 v000002767a29e0a0_0;
    %parti/s 2, 12, 5;
    %pushi/vec4 1, 0, 2;
    %cmp/e;
    %flag_get/vec4 4;
    %load/vec4 v000002767a2a14b0_0;
    %pushi/vec4 6, 0, 3;
    %cmp/e;
    %flag_get/vec4 4;
    %and;
    %flag_set/vec4 8;
    %jmp/0xz  T_42.0, 8;
    %pushi/vec4 1, 0, 1;
    %store/vec4 v000002767a29e780_0, 0, 1;
    %jmp T_42.1;
T_42.0 ;
    %pushi/vec4 0, 0, 1;
    %store/vec4 v000002767a29e780_0, 0, 1;
T_42.1 ;
    %jmp T_42;
    .thread T_42, $push;
    .scope S_0000027679e820d0;
T_43 ;
    %wait E_000002767a23ce90;
    %load/vec4 v000002767a29e0a0_0;
    %parti/s 2, 12, 5;
    %pushi/vec4 2, 0, 2;
    %cmp/e;
    %flag_get/vec4 4;
    %load/vec4 v000002767a2a14b0_0;
    %pushi/vec4 6, 0, 3;
    %cmp/e;
    %flag_get/vec4 4;
    %and;
    %flag_set/vec4 8;
    %jmp/0xz  T_43.0, 8;
    %pushi/vec4 1, 0, 1;
    %store/vec4 v000002767a2a1730_0, 0, 1;
    %jmp T_43.1;
T_43.0 ;
    %pushi/vec4 0, 0, 1;
    %store/vec4 v000002767a2a1730_0, 0, 1;
T_43.1 ;
    %jmp T_43;
    .thread T_43, $push;
    .scope S_0000027679e820d0;
T_44 ;
    %wait E_000002767a23ce90;
    %load/vec4 v000002767a29e0a0_0;
    %parti/s 2, 12, 5;
    %pushi/vec4 3, 0, 2;
    %cmp/e;
    %flag_get/vec4 4;
    %load/vec4 v000002767a2a14b0_0;
    %pushi/vec4 6, 0, 3;
    %cmp/e;
    %flag_get/vec4 4;
    %and;
    %flag_set/vec4 8;
    %jmp/0xz  T_44.0, 8;
    %pushi/vec4 1, 0, 1;
    %store/vec4 v000002767a29fe30_0, 0, 1;
    %jmp T_44.1;
T_44.0 ;
    %pushi/vec4 0, 0, 1;
    %store/vec4 v000002767a29fe30_0, 0, 1;
T_44.1 ;
    %jmp T_44;
    .thread T_44, $push;
    .scope S_0000027679eb6dd0;
T_45 ;
T_45.0 ;
    %delay 5, 0;
    %load/vec4 v000002767a2a0ab0_0;
    %inv;
    %store/vec4 v000002767a2a0ab0_0, 0, 1;
    %jmp T_45.0;
    %end;
    .thread T_45;
    .scope S_0000027679eb6dd0;
T_46 ;
    %delay 20, 0;
    %pushi/vec4 1, 0, 1;
    %store/vec4 v000002767a2a1910_0, 0, 1;
    %end;
    .thread T_46;
    .scope S_0000027679eb6dd0;
T_47 ;
    %vpi_call 2 164 "$dumpfile", "wave/matCtrl.vcd" {0 0 0};
    %vpi_call 2 165 "$dumpvars", 32'sb00000000000000000000000000000000, S_0000027679eb6dd0 {0 0 0};
    %pushi/vec4 1, 0, 1;
    %store/vec4 v000002767a2a0ab0_0, 0, 1;
    %pushi/vec4 0, 0, 1;
    %store/vec4 v000002767a2a1910_0, 0, 1;
    %delay 40, 0;
    %pushi/vec4 1, 0, 1;
    %store/vec4 v000002767a2a1550_0, 0, 1;
    %pushi/vec4 67184657, 0, 27;
    %store/vec4 v000002767a2a06f0_0, 0, 27;
    %delay 10000, 0;
    %vpi_call 2 172 "$finish" {0 0 0};
    %end;
    .thread T_47;
# The file index is used to find the file name in the following table.
:file_names 8;
    "N/A";
    "<interactive>";
    "tb_matCtrl.v";
    "./../sim/RAM/sync_ram.v";
    "./../rtl/Macs/Macs.v";
    "./../rtl/Macs/PE.v";
    "./../rtl/Control/matCtrl.v";
    "./../rtl/Control/AddrLUT.v";
